[2024-11-11T21:59:35.168+0000] {local_task_job_runner.py:123} INFO - ::group::Pre task execution logs
[2024-11-11T21:59:35.504+0000] {taskinstance.py:2613} INFO - Dependencies all met for dep_context=non-requeueable deps ti=<TaskInstance: fetch_and_store_amazon_books.fetch_book_data scheduled__2024-06-26T00:00:00+00:00 [queued]>
[2024-11-11T21:59:35.722+0000] {taskinstance.py:2613} INFO - Dependencies all met for dep_context=requeueable deps ti=<TaskInstance: fetch_and_store_amazon_books.fetch_book_data scheduled__2024-06-26T00:00:00+00:00 [queued]>
[2024-11-11T21:59:35.741+0000] {taskinstance.py:2866} INFO - Starting attempt 1 of 2
[2024-11-11T21:59:36.059+0000] {taskinstance.py:2889} INFO - Executing <Task(PythonOperator): fetch_book_data> on 2024-06-26 00:00:00+00:00
[2024-11-11T21:59:36.361+0000] {warnings.py:112} WARNING - /home/***/.local/lib/python3.12/site-packages/***/task/task_runner/standard_task_runner.py:70: DeprecationWarning: This process (pid=755) is multi-threaded, use of fork() may lead to deadlocks in the child.
  pid = os.fork()

[2024-11-11T21:59:36.422+0000] {standard_task_runner.py:72} INFO - Started process 861 to run task
[2024-11-11T21:59:36.868+0000] {standard_task_runner.py:104} INFO - Running: ['***', 'tasks', 'run', 'fetch_and_store_amazon_books', 'fetch_book_data', 'scheduled__2024-06-26T00:00:00+00:00', '--job-id', '16', '--raw', '--subdir', 'DAGS_FOLDER/app.py', '--cfg-path', '/tmp/tmp4vgamf16']
[2024-11-11T21:59:37.009+0000] {standard_task_runner.py:105} INFO - Job 16: Subtask fetch_book_data
[2024-11-11T21:59:38.341+0000] {task_command.py:467} INFO - Running <TaskInstance: fetch_and_store_amazon_books.fetch_book_data scheduled__2024-06-26T00:00:00+00:00 [running]> on host bbd7645b21a9
[2024-11-11T21:59:44.872+0000] {taskinstance.py:3132} INFO - Exporting env vars: AIRFLOW_CTX_DAG_OWNER='***' AIRFLOW_CTX_DAG_ID='fetch_and_store_amazon_books' AIRFLOW_CTX_TASK_ID='fetch_book_data' AIRFLOW_CTX_EXECUTION_DATE='2024-06-26T00:00:00+00:00' AIRFLOW_CTX_TRY_NUMBER='1' AIRFLOW_CTX_DAG_RUN_ID='scheduled__2024-06-26T00:00:00+00:00'
[2024-11-11T21:59:44.882+0000] {logging_mixin.py:190} INFO - Task instance is in running state
[2024-11-11T21:59:44.889+0000] {logging_mixin.py:190} INFO -  Previous state of the Task instance: queued
[2024-11-11T21:59:44.899+0000] {logging_mixin.py:190} INFO - Current task name:fetch_book_data state:running start_date:2024-11-11 21:59:35.539096+00:00
[2024-11-11T21:59:44.901+0000] {logging_mixin.py:190} INFO - Dag name:fetch_and_store_amazon_books and current dag run status:running
[2024-11-11T21:59:44.908+0000] {taskinstance.py:731} INFO - ::endgroup::
[2024-11-11T22:00:03.426+0000] {python.py:240} INFO - Done. Returned value was: None
[2024-11-11T22:00:03.851+0000] {taskinstance.py:340} INFO - ::group::Post task execution logs
[2024-11-11T22:00:03.959+0000] {taskinstance.py:352} INFO - Marking task as SUCCESS. dag_id=fetch_and_store_amazon_books, task_id=fetch_book_data, run_id=scheduled__2024-06-26T00:00:00+00:00, execution_date=20240626T000000, start_date=20241111T215935, end_date=20241111T220003
[2024-11-11T22:00:04.566+0000] {logging_mixin.py:190} INFO - Task instance in success state
[2024-11-11T22:00:04.630+0000] {logging_mixin.py:190} INFO -  Previous state of the Task instance: running
[2024-11-11T22:00:04.632+0000] {logging_mixin.py:190} INFO - Dag name:fetch_and_store_amazon_books queued_at:2024-11-11 21:51:44.400477+00:00
[2024-11-11T22:00:04.638+0000] {logging_mixin.py:190} INFO - Task hostname:bbd7645b21a9 operator:PythonOperator
[2024-11-11T22:00:04.773+0000] {local_task_job_runner.py:266} INFO - Task exited with return code 0
[2024-11-11T22:00:05.928+0000] {taskinstance.py:3895} INFO - 1 downstream tasks scheduled from follow-on schedule check
[2024-11-11T22:00:05.961+0000] {local_task_job_runner.py:245} INFO - ::endgroup::
[2024-11-11T22:00:07.304+0000] {standard_task_runner.py:217} INFO - Process not found (most likely exited), stop collecting metrics
