[2024-11-11T22:00:03.322+0000] {local_task_job_runner.py:123} INFO - ::group::Pre task execution logs
[2024-11-11T22:00:03.783+0000] {taskinstance.py:2613} INFO - Dependencies all met for dep_context=non-requeueable deps ti=<TaskInstance: fetch_and_store_amazon_books.fetch_book_data manual__2024-11-11T21:51:31.889241+00:00 [queued]>
[2024-11-11T22:00:04.001+0000] {taskinstance.py:2613} INFO - Dependencies all met for dep_context=requeueable deps ti=<TaskInstance: fetch_and_store_amazon_books.fetch_book_data manual__2024-11-11T21:51:31.889241+00:00 [queued]>
[2024-11-11T22:00:04.053+0000] {taskinstance.py:2866} INFO - Starting attempt 1 of 2
[2024-11-11T22:00:04.452+0000] {taskinstance.py:2889} INFO - Executing <Task(PythonOperator): fetch_book_data> on 2024-11-11 21:51:31.889241+00:00
[2024-11-11T22:00:05.446+0000] {warnings.py:112} WARNING - /home/***/.local/lib/python3.12/site-packages/***/task/task_runner/standard_task_runner.py:70: DeprecationWarning: This process (pid=759) is multi-threaded, use of fork() may lead to deadlocks in the child.
  pid = os.fork()

[2024-11-11T22:00:05.468+0000] {standard_task_runner.py:72} INFO - Started process 878 to run task
[2024-11-11T22:00:05.517+0000] {standard_task_runner.py:104} INFO - Running: ['***', 'tasks', 'run', 'fetch_and_store_amazon_books', 'fetch_book_data', 'manual__2024-11-11T21:51:31.889241+00:00', '--job-id', '18', '--raw', '--subdir', 'DAGS_FOLDER/app.py', '--cfg-path', '/tmp/tmp02p_8s66']
[2024-11-11T22:00:05.533+0000] {standard_task_runner.py:105} INFO - Job 18: Subtask fetch_book_data
[2024-11-11T22:00:08.357+0000] {task_command.py:467} INFO - Running <TaskInstance: fetch_and_store_amazon_books.fetch_book_data manual__2024-11-11T21:51:31.889241+00:00 [running]> on host bbd7645b21a9
[2024-11-11T22:00:11.254+0000] {taskinstance.py:3132} INFO - Exporting env vars: AIRFLOW_CTX_DAG_OWNER='***' AIRFLOW_CTX_DAG_ID='fetch_and_store_amazon_books' AIRFLOW_CTX_TASK_ID='fetch_book_data' AIRFLOW_CTX_EXECUTION_DATE='2024-11-11T21:51:31.889241+00:00' AIRFLOW_CTX_TRY_NUMBER='1' AIRFLOW_CTX_DAG_RUN_ID='manual__2024-11-11T21:51:31.889241+00:00'
[2024-11-11T22:00:11.269+0000] {logging_mixin.py:190} INFO - Task instance is in running state
[2024-11-11T22:00:11.278+0000] {logging_mixin.py:190} INFO -  Previous state of the Task instance: queued
[2024-11-11T22:00:11.286+0000] {logging_mixin.py:190} INFO - Current task name:fetch_book_data state:running start_date:2024-11-11 22:00:03.948471+00:00
[2024-11-11T22:00:11.296+0000] {logging_mixin.py:190} INFO - Dag name:fetch_and_store_amazon_books and current dag run status:running
[2024-11-11T22:00:11.297+0000] {taskinstance.py:731} INFO - ::endgroup::
[2024-11-11T22:00:27.553+0000] {python.py:240} INFO - Done. Returned value was: None
[2024-11-11T22:00:27.798+0000] {taskinstance.py:340} INFO - ::group::Post task execution logs
[2024-11-11T22:00:27.866+0000] {taskinstance.py:352} INFO - Marking task as SUCCESS. dag_id=fetch_and_store_amazon_books, task_id=fetch_book_data, run_id=manual__2024-11-11T21:51:31.889241+00:00, execution_date=20241111T215131, start_date=20241111T220003, end_date=20241111T220027
[2024-11-11T22:00:28.079+0000] {logging_mixin.py:190} INFO - Task instance in success state
[2024-11-11T22:00:28.086+0000] {logging_mixin.py:190} INFO -  Previous state of the Task instance: running
[2024-11-11T22:00:28.090+0000] {logging_mixin.py:190} INFO - Dag name:fetch_and_store_amazon_books queued_at:2024-11-11 21:51:32.781945+00:00
[2024-11-11T22:00:28.125+0000] {logging_mixin.py:190} INFO - Task hostname:bbd7645b21a9 operator:PythonOperator
[2024-11-11T22:00:28.464+0000] {local_task_job_runner.py:266} INFO - Task exited with return code 0
[2024-11-11T22:00:28.948+0000] {taskinstance.py:3895} INFO - 1 downstream tasks scheduled from follow-on schedule check
[2024-11-11T22:00:28.993+0000] {local_task_job_runner.py:245} INFO - ::endgroup::
