[2024-11-11T22:06:51.761+0000] {local_task_job_runner.py:123} INFO - ::group::Pre task execution logs
[2024-11-11T22:06:52.315+0000] {taskinstance.py:2613} INFO - Dependencies all met for dep_context=non-requeueable deps ti=<TaskInstance: fetch_and_store_amazon_books.fetch_book_data scheduled__2024-06-29T00:00:00+00:00 [queued]>
[2024-11-11T22:06:52.851+0000] {taskinstance.py:2613} INFO - Dependencies all met for dep_context=requeueable deps ti=<TaskInstance: fetch_and_store_amazon_books.fetch_book_data scheduled__2024-06-29T00:00:00+00:00 [queued]>
[2024-11-11T22:06:53.076+0000] {taskinstance.py:2866} INFO - Starting attempt 2 of 2
[2024-11-11T22:06:55.182+0000] {taskinstance.py:2889} INFO - Executing <Task(PythonOperator): fetch_book_data> on 2024-06-29 00:00:00+00:00
[2024-11-11T22:06:55.529+0000] {standard_task_runner.py:104} INFO - Running: ['***', 'tasks', 'run', 'fetch_and_store_amazon_books', 'fetch_book_data', 'scheduled__2024-06-29T00:00:00+00:00', '--job-id', '53', '--raw', '--subdir', 'DAGS_FOLDER/app.py', '--cfg-path', '/tmp/tmpge0za8u_']
[2024-11-11T22:06:55.631+0000] {standard_task_runner.py:105} INFO - Job 53: Subtask fetch_book_data
[2024-11-11T22:06:55.593+0000] {warnings.py:112} WARNING - /home/***/.local/lib/python3.12/site-packages/***/task/task_runner/standard_task_runner.py:70: DeprecationWarning: This process (pid=1015) is multi-threaded, use of fork() may lead to deadlocks in the child.
  pid = os.fork()

[2024-11-11T22:06:55.844+0000] {standard_task_runner.py:72} INFO - Started process 1086 to run task
[2024-11-11T22:06:58.507+0000] {task_command.py:467} INFO - Running <TaskInstance: fetch_and_store_amazon_books.fetch_book_data scheduled__2024-06-29T00:00:00+00:00 [running]> on host bbd7645b21a9
[2024-11-11T22:07:01.981+0000] {job.py:229} INFO - Heartbeat recovered after 15.63 seconds
[2024-11-11T22:07:02.799+0000] {taskinstance.py:3132} INFO - Exporting env vars: AIRFLOW_CTX_DAG_OWNER='***' AIRFLOW_CTX_DAG_ID='fetch_and_store_amazon_books' AIRFLOW_CTX_TASK_ID='fetch_book_data' AIRFLOW_CTX_EXECUTION_DATE='2024-06-29T00:00:00+00:00' AIRFLOW_CTX_TRY_NUMBER='2' AIRFLOW_CTX_DAG_RUN_ID='scheduled__2024-06-29T00:00:00+00:00'
[2024-11-11T22:07:02.878+0000] {logging_mixin.py:190} INFO - Task instance is in running state
[2024-11-11T22:07:02.891+0000] {logging_mixin.py:190} INFO -  Previous state of the Task instance: queued
[2024-11-11T22:07:02.892+0000] {logging_mixin.py:190} INFO - Current task name:fetch_book_data state:running start_date:2024-11-11 22:06:52.327624+00:00
[2024-11-11T22:07:02.893+0000] {logging_mixin.py:190} INFO - Dag name:fetch_and_store_amazon_books and current dag run status:running
[2024-11-11T22:07:02.895+0000] {taskinstance.py:731} INFO - ::endgroup::
[2024-11-11T22:07:37.659+0000] {python.py:240} INFO - Done. Returned value was: None
[2024-11-11T22:07:38.440+0000] {taskinstance.py:340} INFO - ::group::Post task execution logs
[2024-11-11T22:07:38.455+0000] {taskinstance.py:352} INFO - Marking task as SUCCESS. dag_id=fetch_and_store_amazon_books, task_id=fetch_book_data, run_id=scheduled__2024-06-29T00:00:00+00:00, execution_date=20240629T000000, start_date=20241111T220652, end_date=20241111T220738
[2024-11-11T22:07:38.791+0000] {logging_mixin.py:190} INFO - Task instance in success state
[2024-11-11T22:07:38.805+0000] {logging_mixin.py:190} INFO -  Previous state of the Task instance: running
[2024-11-11T22:07:38.823+0000] {logging_mixin.py:190} INFO - Dag name:fetch_and_store_amazon_books queued_at:2024-11-11 21:51:46.676338+00:00
[2024-11-11T22:07:38.836+0000] {logging_mixin.py:190} INFO - Task hostname:bbd7645b21a9 operator:PythonOperator
[2024-11-11T22:07:39.303+0000] {local_task_job_runner.py:266} INFO - Task exited with return code 0
[2024-11-11T22:07:39.887+0000] {taskinstance.py:3895} INFO - 1 downstream tasks scheduled from follow-on schedule check
[2024-11-11T22:07:40.086+0000] {local_task_job_runner.py:245} INFO - ::endgroup::
