[2024-11-11T21:38:08.881+0000] {processor.py:186} INFO - Started process (PID=5327) to work on /opt/airflow/dags/app.py
[2024-11-11T21:38:08.892+0000] {processor.py:914} INFO - Processing file /opt/airflow/dags/app.py for tasks to queue
[2024-11-11T21:38:08.900+0000] {logging_mixin.py:190} INFO - [2024-11-11T21:38:08.899+0000] {dagbag.py:588} INFO - Filling up the DagBag from /opt/airflow/dags/app.py
[2024-11-11T21:38:09.720+0000] {processor.py:925} INFO - DAG(s) 'fetch_and_store_amazon_books' retrieved from /opt/airflow/dags/app.py
[2024-11-11T21:38:10.428+0000] {logging_mixin.py:190} INFO - [2024-11-11T21:38:10.426+0000] {dag.py:3239} INFO - Sync 1 DAGs
[2024-11-11T21:38:10.546+0000] {logging_mixin.py:190} INFO - [2024-11-11T21:38:10.545+0000] {dag.py:4180} INFO - Setting next_dagrun for fetch_and_store_amazon_books to 2024-06-20 00:00:00+00:00, run_after=2024-06-21 00:00:00+00:00
[2024-11-11T21:38:10.663+0000] {processor.py:208} INFO - Processing /opt/airflow/dags/app.py took 1.806 seconds
[2024-11-11T21:38:40.859+0000] {processor.py:186} INFO - Started process (PID=5398) to work on /opt/airflow/dags/app.py
[2024-11-11T21:38:40.862+0000] {processor.py:914} INFO - Processing file /opt/airflow/dags/app.py for tasks to queue
[2024-11-11T21:38:40.866+0000] {logging_mixin.py:190} INFO - [2024-11-11T21:38:40.865+0000] {dagbag.py:588} INFO - Filling up the DagBag from /opt/airflow/dags/app.py
[2024-11-11T21:38:41.106+0000] {processor.py:925} INFO - DAG(s) 'fetch_and_store_amazon_books' retrieved from /opt/airflow/dags/app.py
[2024-11-11T21:38:41.147+0000] {logging_mixin.py:190} INFO - [2024-11-11T21:38:41.146+0000] {dag.py:3239} INFO - Sync 1 DAGs
[2024-11-11T21:38:41.208+0000] {logging_mixin.py:190} INFO - [2024-11-11T21:38:41.207+0000] {dag.py:4180} INFO - Setting next_dagrun for fetch_and_store_amazon_books to 2024-06-20 00:00:00+00:00, run_after=2024-06-21 00:00:00+00:00
[2024-11-11T21:38:41.258+0000] {processor.py:208} INFO - Processing /opt/airflow/dags/app.py took 0.416 seconds
[2024-11-11T21:39:11.457+0000] {processor.py:186} INFO - Started process (PID=5462) to work on /opt/airflow/dags/app.py
[2024-11-11T21:39:11.462+0000] {processor.py:914} INFO - Processing file /opt/airflow/dags/app.py for tasks to queue
[2024-11-11T21:39:11.465+0000] {logging_mixin.py:190} INFO - [2024-11-11T21:39:11.464+0000] {dagbag.py:588} INFO - Filling up the DagBag from /opt/airflow/dags/app.py
[2024-11-11T21:39:11.911+0000] {processor.py:925} INFO - DAG(s) 'fetch_and_store_amazon_books' retrieved from /opt/airflow/dags/app.py
[2024-11-11T21:39:11.957+0000] {logging_mixin.py:190} INFO - [2024-11-11T21:39:11.956+0000] {dag.py:3239} INFO - Sync 1 DAGs
[2024-11-11T21:39:12.048+0000] {logging_mixin.py:190} INFO - [2024-11-11T21:39:12.046+0000] {dag.py:4180} INFO - Setting next_dagrun for fetch_and_store_amazon_books to 2024-06-20 00:00:00+00:00, run_after=2024-06-21 00:00:00+00:00
[2024-11-11T21:39:12.126+0000] {processor.py:208} INFO - Processing /opt/airflow/dags/app.py took 0.682 seconds
[2024-11-11T21:39:42.620+0000] {processor.py:186} INFO - Started process (PID=5526) to work on /opt/airflow/dags/app.py
[2024-11-11T21:39:42.631+0000] {processor.py:914} INFO - Processing file /opt/airflow/dags/app.py for tasks to queue
[2024-11-11T21:39:42.635+0000] {logging_mixin.py:190} INFO - [2024-11-11T21:39:42.634+0000] {dagbag.py:588} INFO - Filling up the DagBag from /opt/airflow/dags/app.py
[2024-11-11T21:39:43.269+0000] {processor.py:925} INFO - DAG(s) 'fetch_and_store_amazon_books' retrieved from /opt/airflow/dags/app.py
[2024-11-11T21:39:43.370+0000] {logging_mixin.py:190} INFO - [2024-11-11T21:39:43.368+0000] {dag.py:3239} INFO - Sync 1 DAGs
[2024-11-11T21:39:43.483+0000] {logging_mixin.py:190} INFO - [2024-11-11T21:39:43.482+0000] {dag.py:4180} INFO - Setting next_dagrun for fetch_and_store_amazon_books to 2024-06-20 00:00:00+00:00, run_after=2024-06-21 00:00:00+00:00
[2024-11-11T21:39:43.615+0000] {processor.py:208} INFO - Processing /opt/airflow/dags/app.py took 1.032 seconds
[2024-11-11T21:40:14.257+0000] {processor.py:186} INFO - Started process (PID=5589) to work on /opt/airflow/dags/app.py
[2024-11-11T21:40:14.259+0000] {processor.py:914} INFO - Processing file /opt/airflow/dags/app.py for tasks to queue
[2024-11-11T21:40:14.261+0000] {logging_mixin.py:190} INFO - [2024-11-11T21:40:14.260+0000] {dagbag.py:588} INFO - Filling up the DagBag from /opt/airflow/dags/app.py
[2024-11-11T21:40:14.511+0000] {processor.py:925} INFO - DAG(s) 'fetch_and_store_amazon_books' retrieved from /opt/airflow/dags/app.py
[2024-11-11T21:40:14.572+0000] {logging_mixin.py:190} INFO - [2024-11-11T21:40:14.571+0000] {dag.py:3239} INFO - Sync 1 DAGs
[2024-11-11T21:40:14.633+0000] {logging_mixin.py:190} INFO - [2024-11-11T21:40:14.633+0000] {dag.py:4180} INFO - Setting next_dagrun for fetch_and_store_amazon_books to 2024-06-20 00:00:00+00:00, run_after=2024-06-21 00:00:00+00:00
[2024-11-11T21:40:14.676+0000] {processor.py:208} INFO - Processing /opt/airflow/dags/app.py took 0.431 seconds
[2024-11-11T21:40:44.902+0000] {processor.py:186} INFO - Started process (PID=5653) to work on /opt/airflow/dags/app.py
[2024-11-11T21:40:44.906+0000] {processor.py:914} INFO - Processing file /opt/airflow/dags/app.py for tasks to queue
[2024-11-11T21:40:44.911+0000] {logging_mixin.py:190} INFO - [2024-11-11T21:40:44.910+0000] {dagbag.py:588} INFO - Filling up the DagBag from /opt/airflow/dags/app.py
[2024-11-11T21:40:45.195+0000] {processor.py:925} INFO - DAG(s) 'fetch_and_store_amazon_books' retrieved from /opt/airflow/dags/app.py
[2024-11-11T21:40:45.249+0000] {logging_mixin.py:190} INFO - [2024-11-11T21:40:45.248+0000] {dag.py:3239} INFO - Sync 1 DAGs
[2024-11-11T21:40:45.293+0000] {logging_mixin.py:190} INFO - [2024-11-11T21:40:45.292+0000] {dag.py:4180} INFO - Setting next_dagrun for fetch_and_store_amazon_books to 2024-06-20 00:00:00+00:00, run_after=2024-06-21 00:00:00+00:00
[2024-11-11T21:40:45.317+0000] {processor.py:208} INFO - Processing /opt/airflow/dags/app.py took 0.437 seconds
[2024-11-11T21:41:15.812+0000] {processor.py:186} INFO - Started process (PID=5717) to work on /opt/airflow/dags/app.py
[2024-11-11T21:41:15.814+0000] {processor.py:914} INFO - Processing file /opt/airflow/dags/app.py for tasks to queue
[2024-11-11T21:41:15.817+0000] {logging_mixin.py:190} INFO - [2024-11-11T21:41:15.816+0000] {dagbag.py:588} INFO - Filling up the DagBag from /opt/airflow/dags/app.py
[2024-11-11T21:41:16.040+0000] {processor.py:925} INFO - DAG(s) 'fetch_and_store_amazon_books' retrieved from /opt/airflow/dags/app.py
[2024-11-11T21:41:16.096+0000] {logging_mixin.py:190} INFO - [2024-11-11T21:41:16.095+0000] {dag.py:3239} INFO - Sync 1 DAGs
[2024-11-11T21:41:16.220+0000] {logging_mixin.py:190} INFO - [2024-11-11T21:41:16.220+0000] {dag.py:4180} INFO - Setting next_dagrun for fetch_and_store_amazon_books to 2024-06-20 00:00:00+00:00, run_after=2024-06-21 00:00:00+00:00
[2024-11-11T21:41:16.316+0000] {processor.py:208} INFO - Processing /opt/airflow/dags/app.py took 0.520 seconds
[2024-11-11T21:41:46.886+0000] {processor.py:186} INFO - Started process (PID=5780) to work on /opt/airflow/dags/app.py
[2024-11-11T21:41:46.888+0000] {processor.py:914} INFO - Processing file /opt/airflow/dags/app.py for tasks to queue
[2024-11-11T21:41:46.890+0000] {logging_mixin.py:190} INFO - [2024-11-11T21:41:46.890+0000] {dagbag.py:588} INFO - Filling up the DagBag from /opt/airflow/dags/app.py
[2024-11-11T21:41:47.085+0000] {processor.py:925} INFO - DAG(s) 'fetch_and_store_amazon_books' retrieved from /opt/airflow/dags/app.py
[2024-11-11T21:41:47.120+0000] {logging_mixin.py:190} INFO - [2024-11-11T21:41:47.119+0000] {dag.py:3239} INFO - Sync 1 DAGs
[2024-11-11T21:41:47.159+0000] {logging_mixin.py:190} INFO - [2024-11-11T21:41:47.159+0000] {dag.py:4180} INFO - Setting next_dagrun for fetch_and_store_amazon_books to 2024-06-20 00:00:00+00:00, run_after=2024-06-21 00:00:00+00:00
[2024-11-11T21:41:47.190+0000] {processor.py:208} INFO - Processing /opt/airflow/dags/app.py took 0.315 seconds
[2024-11-11T21:42:17.443+0000] {processor.py:186} INFO - Started process (PID=5844) to work on /opt/airflow/dags/app.py
[2024-11-11T21:42:17.446+0000] {processor.py:914} INFO - Processing file /opt/airflow/dags/app.py for tasks to queue
[2024-11-11T21:42:17.450+0000] {logging_mixin.py:190} INFO - [2024-11-11T21:42:17.449+0000] {dagbag.py:588} INFO - Filling up the DagBag from /opt/airflow/dags/app.py
[2024-11-11T21:42:17.822+0000] {processor.py:925} INFO - DAG(s) 'fetch_and_store_amazon_books' retrieved from /opt/airflow/dags/app.py
[2024-11-11T21:42:17.866+0000] {logging_mixin.py:190} INFO - [2024-11-11T21:42:17.865+0000] {dag.py:3239} INFO - Sync 1 DAGs
[2024-11-11T21:42:17.986+0000] {logging_mixin.py:190} INFO - [2024-11-11T21:42:17.986+0000] {dag.py:4180} INFO - Setting next_dagrun for fetch_and_store_amazon_books to 2024-06-20 00:00:00+00:00, run_after=2024-06-21 00:00:00+00:00
[2024-11-11T21:42:18.059+0000] {processor.py:208} INFO - Processing /opt/airflow/dags/app.py took 0.630 seconds
[2024-11-11T21:42:48.263+0000] {processor.py:186} INFO - Started process (PID=5909) to work on /opt/airflow/dags/app.py
[2024-11-11T21:42:48.266+0000] {processor.py:914} INFO - Processing file /opt/airflow/dags/app.py for tasks to queue
[2024-11-11T21:42:48.269+0000] {logging_mixin.py:190} INFO - [2024-11-11T21:42:48.269+0000] {dagbag.py:588} INFO - Filling up the DagBag from /opt/airflow/dags/app.py
[2024-11-11T21:42:48.531+0000] {processor.py:925} INFO - DAG(s) 'fetch_and_store_amazon_books' retrieved from /opt/airflow/dags/app.py
[2024-11-11T21:42:48.565+0000] {logging_mixin.py:190} INFO - [2024-11-11T21:42:48.565+0000] {dag.py:3239} INFO - Sync 1 DAGs
[2024-11-11T21:42:48.606+0000] {logging_mixin.py:190} INFO - [2024-11-11T21:42:48.605+0000] {dag.py:4180} INFO - Setting next_dagrun for fetch_and_store_amazon_books to 2024-06-20 00:00:00+00:00, run_after=2024-06-21 00:00:00+00:00
[2024-11-11T21:42:48.639+0000] {processor.py:208} INFO - Processing /opt/airflow/dags/app.py took 0.389 seconds
[2024-11-11T21:43:19.380+0000] {processor.py:186} INFO - Started process (PID=5973) to work on /opt/airflow/dags/app.py
[2024-11-11T21:43:19.383+0000] {processor.py:914} INFO - Processing file /opt/airflow/dags/app.py for tasks to queue
[2024-11-11T21:43:19.390+0000] {logging_mixin.py:190} INFO - [2024-11-11T21:43:19.388+0000] {dagbag.py:588} INFO - Filling up the DagBag from /opt/airflow/dags/app.py
[2024-11-11T21:43:19.710+0000] {processor.py:925} INFO - DAG(s) 'fetch_and_store_amazon_books' retrieved from /opt/airflow/dags/app.py
[2024-11-11T21:43:19.767+0000] {logging_mixin.py:190} INFO - [2024-11-11T21:43:19.765+0000] {dag.py:3239} INFO - Sync 1 DAGs
[2024-11-11T21:43:19.872+0000] {logging_mixin.py:190} INFO - [2024-11-11T21:43:19.871+0000] {dag.py:4180} INFO - Setting next_dagrun for fetch_and_store_amazon_books to 2024-06-20 00:00:00+00:00, run_after=2024-06-21 00:00:00+00:00
[2024-11-11T21:43:19.929+0000] {processor.py:208} INFO - Processing /opt/airflow/dags/app.py took 0.572 seconds
[2024-11-11T21:43:50.299+0000] {processor.py:186} INFO - Started process (PID=6037) to work on /opt/airflow/dags/app.py
[2024-11-11T21:43:50.301+0000] {processor.py:914} INFO - Processing file /opt/airflow/dags/app.py for tasks to queue
[2024-11-11T21:43:50.304+0000] {logging_mixin.py:190} INFO - [2024-11-11T21:43:50.303+0000] {dagbag.py:588} INFO - Filling up the DagBag from /opt/airflow/dags/app.py
[2024-11-11T21:43:50.540+0000] {processor.py:925} INFO - DAG(s) 'fetch_and_store_amazon_books' retrieved from /opt/airflow/dags/app.py
[2024-11-11T21:43:50.582+0000] {logging_mixin.py:190} INFO - [2024-11-11T21:43:50.581+0000] {dag.py:3239} INFO - Sync 1 DAGs
[2024-11-11T21:43:50.632+0000] {logging_mixin.py:190} INFO - [2024-11-11T21:43:50.631+0000] {dag.py:4180} INFO - Setting next_dagrun for fetch_and_store_amazon_books to 2024-06-20 00:00:00+00:00, run_after=2024-06-21 00:00:00+00:00
[2024-11-11T21:43:50.668+0000] {processor.py:208} INFO - Processing /opt/airflow/dags/app.py took 0.383 seconds
[2024-11-11T21:44:22.145+0000] {processor.py:186} INFO - Started process (PID=6099) to work on /opt/airflow/dags/app.py
[2024-11-11T21:44:22.147+0000] {processor.py:914} INFO - Processing file /opt/airflow/dags/app.py for tasks to queue
[2024-11-11T21:44:22.150+0000] {logging_mixin.py:190} INFO - [2024-11-11T21:44:22.150+0000] {dagbag.py:588} INFO - Filling up the DagBag from /opt/airflow/dags/app.py
[2024-11-11T21:44:22.464+0000] {processor.py:925} INFO - DAG(s) 'fetch_and_store_amazon_books' retrieved from /opt/airflow/dags/app.py
[2024-11-11T21:44:22.521+0000] {logging_mixin.py:190} INFO - [2024-11-11T21:44:22.520+0000] {dag.py:3239} INFO - Sync 1 DAGs
[2024-11-11T21:44:22.595+0000] {logging_mixin.py:190} INFO - [2024-11-11T21:44:22.595+0000] {dag.py:4180} INFO - Setting next_dagrun for fetch_and_store_amazon_books to 2024-06-20 00:00:00+00:00, run_after=2024-06-21 00:00:00+00:00
[2024-11-11T21:44:22.655+0000] {processor.py:208} INFO - Processing /opt/airflow/dags/app.py took 0.531 seconds
[2024-11-11T21:44:53.341+0000] {processor.py:186} INFO - Started process (PID=6152) to work on /opt/airflow/dags/app.py
[2024-11-11T21:44:53.366+0000] {processor.py:914} INFO - Processing file /opt/airflow/dags/app.py for tasks to queue
[2024-11-11T21:44:53.368+0000] {logging_mixin.py:190} INFO - [2024-11-11T21:44:53.368+0000] {dagbag.py:588} INFO - Filling up the DagBag from /opt/airflow/dags/app.py
[2024-11-11T21:44:53.737+0000] {processor.py:925} INFO - DAG(s) 'fetch_and_store_amazon_books' retrieved from /opt/airflow/dags/app.py
[2024-11-11T21:44:53.801+0000] {logging_mixin.py:190} INFO - [2024-11-11T21:44:53.799+0000] {dag.py:3239} INFO - Sync 1 DAGs
[2024-11-11T21:44:53.899+0000] {logging_mixin.py:190} INFO - [2024-11-11T21:44:53.898+0000] {dag.py:4180} INFO - Setting next_dagrun for fetch_and_store_amazon_books to 2024-06-20 00:00:00+00:00, run_after=2024-06-21 00:00:00+00:00
[2024-11-11T21:44:53.987+0000] {processor.py:208} INFO - Processing /opt/airflow/dags/app.py took 0.664 seconds
[2024-11-11T21:45:24.060+0000] {processor.py:186} INFO - Started process (PID=6217) to work on /opt/airflow/dags/app.py
[2024-11-11T21:45:24.062+0000] {processor.py:914} INFO - Processing file /opt/airflow/dags/app.py for tasks to queue
[2024-11-11T21:45:24.065+0000] {logging_mixin.py:190} INFO - [2024-11-11T21:45:24.064+0000] {dagbag.py:588} INFO - Filling up the DagBag from /opt/airflow/dags/app.py
[2024-11-11T21:45:24.337+0000] {processor.py:925} INFO - DAG(s) 'fetch_and_store_amazon_books' retrieved from /opt/airflow/dags/app.py
[2024-11-11T21:45:24.376+0000] {logging_mixin.py:190} INFO - [2024-11-11T21:45:24.375+0000] {dag.py:3239} INFO - Sync 1 DAGs
[2024-11-11T21:45:24.415+0000] {logging_mixin.py:190} INFO - [2024-11-11T21:45:24.415+0000] {dag.py:4180} INFO - Setting next_dagrun for fetch_and_store_amazon_books to 2024-06-20 00:00:00+00:00, run_after=2024-06-21 00:00:00+00:00
[2024-11-11T21:45:24.444+0000] {processor.py:208} INFO - Processing /opt/airflow/dags/app.py took 0.397 seconds
[2024-11-11T21:45:55.487+0000] {processor.py:186} INFO - Started process (PID=6279) to work on /opt/airflow/dags/app.py
[2024-11-11T21:45:55.489+0000] {processor.py:914} INFO - Processing file /opt/airflow/dags/app.py for tasks to queue
[2024-11-11T21:45:55.491+0000] {logging_mixin.py:190} INFO - [2024-11-11T21:45:55.491+0000] {dagbag.py:588} INFO - Filling up the DagBag from /opt/airflow/dags/app.py
[2024-11-11T21:45:55.809+0000] {processor.py:925} INFO - DAG(s) 'fetch_and_store_amazon_books' retrieved from /opt/airflow/dags/app.py
[2024-11-11T21:45:55.855+0000] {logging_mixin.py:190} INFO - [2024-11-11T21:45:55.854+0000] {dag.py:3239} INFO - Sync 1 DAGs
[2024-11-11T21:45:55.922+0000] {logging_mixin.py:190} INFO - [2024-11-11T21:45:55.922+0000] {dag.py:4180} INFO - Setting next_dagrun for fetch_and_store_amazon_books to 2024-06-20 00:00:00+00:00, run_after=2024-06-21 00:00:00+00:00
[2024-11-11T21:45:55.964+0000] {processor.py:208} INFO - Processing /opt/airflow/dags/app.py took 0.491 seconds
[2024-11-11T21:46:26.943+0000] {processor.py:186} INFO - Started process (PID=6339) to work on /opt/airflow/dags/app.py
[2024-11-11T21:46:26.945+0000] {processor.py:914} INFO - Processing file /opt/airflow/dags/app.py for tasks to queue
[2024-11-11T21:46:26.947+0000] {logging_mixin.py:190} INFO - [2024-11-11T21:46:26.947+0000] {dagbag.py:588} INFO - Filling up the DagBag from /opt/airflow/dags/app.py
[2024-11-11T21:46:27.167+0000] {processor.py:925} INFO - DAG(s) 'fetch_and_store_amazon_books' retrieved from /opt/airflow/dags/app.py
[2024-11-11T21:46:27.205+0000] {logging_mixin.py:190} INFO - [2024-11-11T21:46:27.204+0000] {dag.py:3239} INFO - Sync 1 DAGs
[2024-11-11T21:46:27.249+0000] {logging_mixin.py:190} INFO - [2024-11-11T21:46:27.249+0000] {dag.py:4180} INFO - Setting next_dagrun for fetch_and_store_amazon_books to 2024-06-20 00:00:00+00:00, run_after=2024-06-21 00:00:00+00:00
[2024-11-11T21:46:27.277+0000] {processor.py:208} INFO - Processing /opt/airflow/dags/app.py took 0.344 seconds
[2024-11-11T21:46:58.144+0000] {processor.py:186} INFO - Started process (PID=6396) to work on /opt/airflow/dags/app.py
[2024-11-11T21:46:58.146+0000] {processor.py:914} INFO - Processing file /opt/airflow/dags/app.py for tasks to queue
[2024-11-11T21:46:58.149+0000] {logging_mixin.py:190} INFO - [2024-11-11T21:46:58.148+0000] {dagbag.py:588} INFO - Filling up the DagBag from /opt/airflow/dags/app.py
[2024-11-11T21:46:58.354+0000] {processor.py:925} INFO - DAG(s) 'fetch_and_store_amazon_books' retrieved from /opt/airflow/dags/app.py
[2024-11-11T21:46:58.384+0000] {logging_mixin.py:190} INFO - [2024-11-11T21:46:58.384+0000] {dag.py:3239} INFO - Sync 1 DAGs
[2024-11-11T21:46:58.420+0000] {logging_mixin.py:190} INFO - [2024-11-11T21:46:58.420+0000] {dag.py:4180} INFO - Setting next_dagrun for fetch_and_store_amazon_books to 2024-06-20 00:00:00+00:00, run_after=2024-06-21 00:00:00+00:00
[2024-11-11T21:46:58.449+0000] {processor.py:208} INFO - Processing /opt/airflow/dags/app.py took 0.319 seconds
[2024-11-11T21:47:28.822+0000] {processor.py:186} INFO - Started process (PID=6456) to work on /opt/airflow/dags/app.py
[2024-11-11T21:47:28.825+0000] {processor.py:914} INFO - Processing file /opt/airflow/dags/app.py for tasks to queue
[2024-11-11T21:47:28.837+0000] {logging_mixin.py:190} INFO - [2024-11-11T21:47:28.835+0000] {dagbag.py:588} INFO - Filling up the DagBag from /opt/airflow/dags/app.py
[2024-11-11T21:47:29.515+0000] {processor.py:925} INFO - DAG(s) 'fetch_and_store_amazon_books' retrieved from /opt/airflow/dags/app.py
[2024-11-11T21:47:29.611+0000] {logging_mixin.py:190} INFO - [2024-11-11T21:47:29.610+0000] {dag.py:3239} INFO - Sync 1 DAGs
[2024-11-11T21:47:29.709+0000] {logging_mixin.py:190} INFO - [2024-11-11T21:47:29.709+0000] {dag.py:4180} INFO - Setting next_dagrun for fetch_and_store_amazon_books to 2024-06-20 00:00:00+00:00, run_after=2024-06-21 00:00:00+00:00
[2024-11-11T21:47:29.866+0000] {processor.py:208} INFO - Processing /opt/airflow/dags/app.py took 1.068 seconds
[2024-11-11T21:48:00.511+0000] {processor.py:186} INFO - Started process (PID=6520) to work on /opt/airflow/dags/app.py
[2024-11-11T21:48:00.514+0000] {processor.py:914} INFO - Processing file /opt/airflow/dags/app.py for tasks to queue
[2024-11-11T21:48:00.525+0000] {logging_mixin.py:190} INFO - [2024-11-11T21:48:00.524+0000] {dagbag.py:588} INFO - Filling up the DagBag from /opt/airflow/dags/app.py
[2024-11-11T21:48:02.742+0000] {processor.py:925} INFO - DAG(s) 'fetch_and_store_amazon_books' retrieved from /opt/airflow/dags/app.py
[2024-11-11T21:48:02.929+0000] {logging_mixin.py:190} INFO - [2024-11-11T21:48:02.928+0000] {dag.py:3239} INFO - Sync 1 DAGs
[2024-11-11T21:48:03.112+0000] {logging_mixin.py:190} INFO - [2024-11-11T21:48:03.111+0000] {dag.py:4180} INFO - Setting next_dagrun for fetch_and_store_amazon_books to 2024-06-20 00:00:00+00:00, run_after=2024-06-21 00:00:00+00:00
[2024-11-11T21:48:03.314+0000] {processor.py:208} INFO - Processing /opt/airflow/dags/app.py took 2.825 seconds
[2024-11-11T21:48:33.686+0000] {processor.py:186} INFO - Started process (PID=6585) to work on /opt/airflow/dags/app.py
[2024-11-11T21:48:33.713+0000] {processor.py:914} INFO - Processing file /opt/airflow/dags/app.py for tasks to queue
[2024-11-11T21:48:33.718+0000] {logging_mixin.py:190} INFO - [2024-11-11T21:48:33.717+0000] {dagbag.py:588} INFO - Filling up the DagBag from /opt/airflow/dags/app.py
[2024-11-11T21:48:34.002+0000] {processor.py:925} INFO - DAG(s) 'fetch_and_store_amazon_books' retrieved from /opt/airflow/dags/app.py
[2024-11-11T21:48:34.040+0000] {logging_mixin.py:190} INFO - [2024-11-11T21:48:34.039+0000] {dag.py:3239} INFO - Sync 1 DAGs
[2024-11-11T21:48:34.105+0000] {logging_mixin.py:190} INFO - [2024-11-11T21:48:34.104+0000] {dag.py:4180} INFO - Setting next_dagrun for fetch_and_store_amazon_books to 2024-06-20 00:00:00+00:00, run_after=2024-06-21 00:00:00+00:00
[2024-11-11T21:48:34.154+0000] {processor.py:208} INFO - Processing /opt/airflow/dags/app.py took 0.480 seconds
[2024-11-11T21:49:07.331+0000] {processor.py:186} INFO - Started process (PID=6650) to work on /opt/airflow/dags/app.py
[2024-11-11T21:49:07.334+0000] {processor.py:914} INFO - Processing file /opt/airflow/dags/app.py for tasks to queue
[2024-11-11T21:49:07.337+0000] {logging_mixin.py:190} INFO - [2024-11-11T21:49:07.336+0000] {dagbag.py:588} INFO - Filling up the DagBag from /opt/airflow/dags/app.py
[2024-11-11T21:49:07.799+0000] {processor.py:925} INFO - DAG(s) 'fetch_and_store_amazon_books' retrieved from /opt/airflow/dags/app.py
[2024-11-11T21:49:07.882+0000] {logging_mixin.py:190} INFO - [2024-11-11T21:49:07.881+0000] {dag.py:3239} INFO - Sync 1 DAGs
[2024-11-11T21:49:07.947+0000] {logging_mixin.py:190} INFO - [2024-11-11T21:49:07.946+0000] {dag.py:4180} INFO - Setting next_dagrun for fetch_and_store_amazon_books to 2024-06-20 00:00:00+00:00, run_after=2024-06-21 00:00:00+00:00
[2024-11-11T21:49:07.997+0000] {processor.py:208} INFO - Processing /opt/airflow/dags/app.py took 0.681 seconds
[2024-11-11T21:49:39.890+0000] {processor.py:186} INFO - Started process (PID=6713) to work on /opt/airflow/dags/app.py
[2024-11-11T21:49:39.892+0000] {processor.py:914} INFO - Processing file /opt/airflow/dags/app.py for tasks to queue
[2024-11-11T21:49:39.894+0000] {logging_mixin.py:190} INFO - [2024-11-11T21:49:39.894+0000] {dagbag.py:588} INFO - Filling up the DagBag from /opt/airflow/dags/app.py
[2024-11-11T21:49:40.383+0000] {processor.py:925} INFO - DAG(s) 'fetch_and_store_amazon_books' retrieved from /opt/airflow/dags/app.py
[2024-11-11T21:49:40.443+0000] {logging_mixin.py:190} INFO - [2024-11-11T21:49:40.442+0000] {dag.py:3239} INFO - Sync 1 DAGs
[2024-11-11T21:49:40.507+0000] {logging_mixin.py:190} INFO - [2024-11-11T21:49:40.506+0000] {dag.py:4180} INFO - Setting next_dagrun for fetch_and_store_amazon_books to 2024-06-20 00:00:00+00:00, run_after=2024-06-21 00:00:00+00:00
[2024-11-11T21:49:40.538+0000] {processor.py:208} INFO - Processing /opt/airflow/dags/app.py took 0.659 seconds
[2024-11-11T21:50:11.071+0000] {processor.py:186} INFO - Started process (PID=6776) to work on /opt/airflow/dags/app.py
[2024-11-11T21:50:11.073+0000] {processor.py:914} INFO - Processing file /opt/airflow/dags/app.py for tasks to queue
[2024-11-11T21:50:11.077+0000] {logging_mixin.py:190} INFO - [2024-11-11T21:50:11.076+0000] {dagbag.py:588} INFO - Filling up the DagBag from /opt/airflow/dags/app.py
[2024-11-11T21:50:11.347+0000] {processor.py:925} INFO - DAG(s) 'fetch_and_store_amazon_books' retrieved from /opt/airflow/dags/app.py
[2024-11-11T21:50:11.380+0000] {logging_mixin.py:190} INFO - [2024-11-11T21:50:11.379+0000] {dag.py:3239} INFO - Sync 1 DAGs
[2024-11-11T21:50:11.427+0000] {logging_mixin.py:190} INFO - [2024-11-11T21:50:11.426+0000] {dag.py:4180} INFO - Setting next_dagrun for fetch_and_store_amazon_books to 2024-06-20 00:00:00+00:00, run_after=2024-06-21 00:00:00+00:00
[2024-11-11T21:50:11.466+0000] {processor.py:208} INFO - Processing /opt/airflow/dags/app.py took 0.407 seconds
[2024-11-11T21:50:43.409+0000] {processor.py:186} INFO - Started process (PID=6840) to work on /opt/airflow/dags/app.py
[2024-11-11T21:50:43.411+0000] {processor.py:914} INFO - Processing file /opt/airflow/dags/app.py for tasks to queue
[2024-11-11T21:50:43.414+0000] {logging_mixin.py:190} INFO - [2024-11-11T21:50:43.414+0000] {dagbag.py:588} INFO - Filling up the DagBag from /opt/airflow/dags/app.py
[2024-11-11T21:50:43.819+0000] {processor.py:925} INFO - DAG(s) 'fetch_and_store_amazon_books' retrieved from /opt/airflow/dags/app.py
[2024-11-11T21:50:43.885+0000] {logging_mixin.py:190} INFO - [2024-11-11T21:50:43.884+0000] {dag.py:3239} INFO - Sync 1 DAGs
[2024-11-11T21:50:43.956+0000] {logging_mixin.py:190} INFO - [2024-11-11T21:50:43.956+0000] {dag.py:4180} INFO - Setting next_dagrun for fetch_and_store_amazon_books to 2024-06-20 00:00:00+00:00, run_after=2024-06-21 00:00:00+00:00
[2024-11-11T21:50:44.001+0000] {processor.py:208} INFO - Processing /opt/airflow/dags/app.py took 0.608 seconds
[2024-11-11T21:51:15.194+0000] {processor.py:186} INFO - Started process (PID=6904) to work on /opt/airflow/dags/app.py
[2024-11-11T21:51:15.196+0000] {processor.py:914} INFO - Processing file /opt/airflow/dags/app.py for tasks to queue
[2024-11-11T21:51:15.200+0000] {logging_mixin.py:190} INFO - [2024-11-11T21:51:15.199+0000] {dagbag.py:588} INFO - Filling up the DagBag from /opt/airflow/dags/app.py
[2024-11-11T21:51:15.509+0000] {processor.py:925} INFO - DAG(s) 'fetch_and_store_amazon_books' retrieved from /opt/airflow/dags/app.py
[2024-11-11T21:51:15.624+0000] {logging_mixin.py:190} INFO - [2024-11-11T21:51:15.623+0000] {dag.py:3239} INFO - Sync 1 DAGs
[2024-11-11T21:51:15.781+0000] {logging_mixin.py:190} INFO - [2024-11-11T21:51:15.781+0000] {dag.py:4180} INFO - Setting next_dagrun for fetch_and_store_amazon_books to 2024-06-20 00:00:00+00:00, run_after=2024-06-21 00:00:00+00:00
[2024-11-11T21:51:15.879+0000] {processor.py:208} INFO - Processing /opt/airflow/dags/app.py took 0.706 seconds
[2024-11-11T21:51:57.300+0000] {processor.py:186} INFO - Started process (PID=6996) to work on /opt/airflow/dags/app.py
[2024-11-11T21:51:57.314+0000] {processor.py:914} INFO - Processing file /opt/airflow/dags/app.py for tasks to queue
[2024-11-11T21:51:57.322+0000] {logging_mixin.py:190} INFO - [2024-11-11T21:51:57.320+0000] {dagbag.py:588} INFO - Filling up the DagBag from /opt/airflow/dags/app.py
[2024-11-11T21:51:58.152+0000] {processor.py:925} INFO - DAG(s) 'fetch_and_store_amazon_books' retrieved from /opt/airflow/dags/app.py
[2024-11-11T21:51:58.231+0000] {logging_mixin.py:190} INFO - [2024-11-11T21:51:58.230+0000] {dag.py:3239} INFO - Sync 1 DAGs
[2024-11-11T21:51:58.422+0000] {processor.py:208} INFO - Processing /opt/airflow/dags/app.py took 1.146 seconds
[2024-11-11T21:52:29.915+0000] {processor.py:186} INFO - Started process (PID=7032) to work on /opt/airflow/dags/app.py
[2024-11-11T21:52:29.934+0000] {processor.py:914} INFO - Processing file /opt/airflow/dags/app.py for tasks to queue
[2024-11-11T21:52:29.946+0000] {logging_mixin.py:190} INFO - [2024-11-11T21:52:29.943+0000] {dagbag.py:588} INFO - Filling up the DagBag from /opt/airflow/dags/app.py
[2024-11-11T21:52:35.995+0000] {processor.py:925} INFO - DAG(s) 'fetch_and_store_amazon_books' retrieved from /opt/airflow/dags/app.py
[2024-11-11T21:52:36.303+0000] {logging_mixin.py:190} INFO - [2024-11-11T21:52:36.293+0000] {dag.py:3239} INFO - Sync 1 DAGs
[2024-11-11T21:52:36.588+0000] {processor.py:208} INFO - Processing /opt/airflow/dags/app.py took 6.731 seconds
[2024-11-11T21:54:30.700+0000] {processor.py:186} INFO - Started process (PID=7081) to work on /opt/airflow/dags/app.py
[2024-11-11T21:54:30.714+0000] {processor.py:914} INFO - Processing file /opt/airflow/dags/app.py for tasks to queue
[2024-11-11T21:54:30.727+0000] {logging_mixin.py:190} INFO - [2024-11-11T21:54:30.719+0000] {dagbag.py:588} INFO - Filling up the DagBag from /opt/airflow/dags/app.py
[2024-11-11T21:54:33.951+0000] {processor.py:925} INFO - DAG(s) 'fetch_and_store_amazon_books' retrieved from /opt/airflow/dags/app.py
[2024-11-11T21:54:34.174+0000] {logging_mixin.py:190} INFO - [2024-11-11T21:54:34.173+0000] {dag.py:3239} INFO - Sync 1 DAGs
[2024-11-11T21:54:34.520+0000] {processor.py:208} INFO - Processing /opt/airflow/dags/app.py took 3.845 seconds
[2024-11-11T21:55:44.378+0000] {processor.py:186} INFO - Started process (PID=7139) to work on /opt/airflow/dags/app.py
[2024-11-11T21:55:44.409+0000] {processor.py:914} INFO - Processing file /opt/airflow/dags/app.py for tasks to queue
[2024-11-11T21:55:44.426+0000] {logging_mixin.py:190} INFO - [2024-11-11T21:55:44.425+0000] {dagbag.py:588} INFO - Filling up the DagBag from /opt/airflow/dags/app.py
[2024-11-11T21:55:45.974+0000] {processor.py:925} INFO - DAG(s) 'fetch_and_store_amazon_books' retrieved from /opt/airflow/dags/app.py
[2024-11-11T21:55:46.333+0000] {logging_mixin.py:190} INFO - [2024-11-11T21:55:46.332+0000] {dag.py:3239} INFO - Sync 1 DAGs
[2024-11-11T21:55:46.683+0000] {processor.py:208} INFO - Processing /opt/airflow/dags/app.py took 2.427 seconds
[2024-11-11T21:58:38.428+0000] {processor.py:186} INFO - Started process (PID=7207) to work on /opt/airflow/dags/app.py
[2024-11-11T21:58:38.480+0000] {processor.py:914} INFO - Processing file /opt/airflow/dags/app.py for tasks to queue
[2024-11-11T21:58:38.505+0000] {logging_mixin.py:190} INFO - [2024-11-11T21:58:38.504+0000] {dagbag.py:588} INFO - Filling up the DagBag from /opt/airflow/dags/app.py
[2024-11-11T21:58:59.404+0000] {processor.py:925} INFO - DAG(s) 'fetch_and_store_amazon_books' retrieved from /opt/airflow/dags/app.py
[2024-11-11T21:59:12.234+0000] {logging_mixin.py:190} INFO - [2024-11-11T21:59:12.185+0000] {dag.py:3239} INFO - Sync 1 DAGs
[2024-11-11T21:59:16.849+0000] {processor.py:208} INFO - Processing /opt/airflow/dags/app.py took 38.216 seconds
[2024-11-11T21:59:29.262+0000] {processor.py:186} INFO - Started process (PID=7233) to work on /opt/airflow/dags/app.py
[2024-11-11T21:59:29.301+0000] {processor.py:914} INFO - Processing file /opt/airflow/dags/app.py for tasks to queue
[2024-11-11T21:59:29.324+0000] {logging_mixin.py:190} INFO - [2024-11-11T21:59:29.323+0000] {dagbag.py:588} INFO - Filling up the DagBag from /opt/airflow/dags/app.py
[2024-11-11T21:59:34.720+0000] {processor.py:925} INFO - DAG(s) 'fetch_and_store_amazon_books' retrieved from /opt/airflow/dags/app.py
[2024-11-11T21:59:35.423+0000] {logging_mixin.py:190} INFO - [2024-11-11T21:59:35.421+0000] {taskinstance.py:3313} ERROR - {'DAG Id': 'fetch_and_store_amazon_books', 'Task Id': 'fetch_book_data', 'Run Id': 'scheduled__2024-06-28T00:00:00+00:00', 'Hostname': 'bbd7645b21a9', 'External Executor Id': '0dc50439-a02d-40ba-8f44-2665d9245ff0'}
[2024-11-11T21:59:36.312+0000] {logging_mixin.py:190} INFO - Task instance in failure state
[2024-11-11T21:59:36.318+0000] {logging_mixin.py:190} INFO - Task start:2024-11-11 21:58:43.727032+00:00 end:2024-11-11 21:59:36.246371+00:00 duration:52.519339
[2024-11-11T21:59:36.322+0000] {logging_mixin.py:190} INFO - Task:<Task(PythonOperator): fetch_book_data> dag:<DAG: fetch_and_store_amazon_books> dagrun:<DagRun fetch_and_store_amazon_books @ 2024-06-28 00:00:00+00:00: scheduled__2024-06-28T00:00:00+00:00, state:running, queued_at: 2024-11-11 21:51:45.789853+00:00. externally triggered: False>
[2024-11-11T21:59:36.324+0000] {logging_mixin.py:190} INFO - Failure caused by {'DAG Id': 'fetch_and_store_amazon_books', 'Task Id': 'fetch_book_data', 'Run Id': 'scheduled__2024-06-28T00:00:00+00:00', 'Hostname': 'bbd7645b21a9', 'External Executor Id': '0dc50439-a02d-40ba-8f44-2665d9245ff0'}
[2024-11-11T21:59:36.328+0000] {logging_mixin.py:190} INFO - [2024-11-11T21:59:36.328+0000] {taskinstance.py:1225} INFO - Marking task as UP_FOR_RETRY. dag_id=fetch_and_store_amazon_books, task_id=fetch_book_data, run_id=scheduled__2024-06-28T00:00:00+00:00, execution_date=20240628T000000, start_date=20241111T215843, end_date=20241111T215936
[2024-11-11T21:59:37.125+0000] {logging_mixin.py:190} INFO - [2024-11-11T21:59:37.121+0000] {processor.py:876} INFO - Executed callback for <TaskInstance: fetch_and_store_amazon_books.fetch_book_data scheduled__2024-06-28T00:00:00+00:00 [up_for_retry]> in state up_for_retry
[2024-11-11T21:59:37.165+0000] {logging_mixin.py:190} INFO - [2024-11-11T21:59:37.165+0000] {taskinstance.py:3313} ERROR - {'DAG Id': 'fetch_and_store_amazon_books', 'Task Id': 'fetch_book_data', 'Run Id': 'scheduled__2024-06-29T00:00:00+00:00', 'Hostname': 'bbd7645b21a9', 'External Executor Id': '4abe45df-45d1-4535-9547-c223503e3070'}
[2024-11-11T21:59:37.245+0000] {logging_mixin.py:190} INFO - Task instance in failure state
[2024-11-11T21:59:37.252+0000] {logging_mixin.py:190} INFO - Task start:2024-11-11 21:58:42.213055+00:00 end:2024-11-11 21:59:37.242627+00:00 duration:55.029572
[2024-11-11T21:59:37.255+0000] {logging_mixin.py:190} INFO - Task:<Task(PythonOperator): fetch_book_data> dag:<DAG: fetch_and_store_amazon_books> dagrun:<DagRun fetch_and_store_amazon_books @ 2024-06-29 00:00:00+00:00: scheduled__2024-06-29T00:00:00+00:00, state:running, queued_at: 2024-11-11 21:51:46.676338+00:00. externally triggered: False>
[2024-11-11T21:59:37.258+0000] {logging_mixin.py:190} INFO - Failure caused by {'DAG Id': 'fetch_and_store_amazon_books', 'Task Id': 'fetch_book_data', 'Run Id': 'scheduled__2024-06-29T00:00:00+00:00', 'Hostname': 'bbd7645b21a9', 'External Executor Id': '4abe45df-45d1-4535-9547-c223503e3070'}
[2024-11-11T21:59:37.261+0000] {logging_mixin.py:190} INFO - [2024-11-11T21:59:37.261+0000] {taskinstance.py:1225} INFO - Marking task as UP_FOR_RETRY. dag_id=fetch_and_store_amazon_books, task_id=fetch_book_data, run_id=scheduled__2024-06-29T00:00:00+00:00, execution_date=20240629T000000, start_date=20241111T215842, end_date=20241111T215937
[2024-11-11T21:59:37.317+0000] {logging_mixin.py:190} INFO - [2024-11-11T21:59:37.317+0000] {processor.py:876} INFO - Executed callback for <TaskInstance: fetch_and_store_amazon_books.fetch_book_data scheduled__2024-06-29T00:00:00+00:00 [up_for_retry]> in state up_for_retry
[2024-11-11T21:59:37.589+0000] {logging_mixin.py:190} INFO - [2024-11-11T21:59:37.588+0000] {dag.py:3239} INFO - Sync 1 DAGs
[2024-11-11T21:59:37.800+0000] {processor.py:208} INFO - Processing /opt/airflow/dags/app.py took 8.855 seconds
[2024-11-11T21:59:38.732+0000] {processor.py:186} INFO - Started process (PID=7241) to work on /opt/airflow/dags/app.py
[2024-11-11T21:59:38.746+0000] {processor.py:914} INFO - Processing file /opt/airflow/dags/app.py for tasks to queue
[2024-11-11T21:59:38.770+0000] {logging_mixin.py:190} INFO - [2024-11-11T21:59:38.768+0000] {dagbag.py:588} INFO - Filling up the DagBag from /opt/airflow/dags/app.py
[2024-11-11T21:59:42.041+0000] {processor.py:925} INFO - DAG(s) 'fetch_and_store_amazon_books' retrieved from /opt/airflow/dags/app.py
[2024-11-11T21:59:42.936+0000] {logging_mixin.py:190} INFO - [2024-11-11T21:59:42.934+0000] {taskinstance.py:3313} ERROR - {'DAG Id': 'fetch_and_store_amazon_books', 'Task Id': 'fetch_book_data', 'Run Id': 'scheduled__2024-06-28T00:00:00+00:00', 'Hostname': 'bbd7645b21a9', 'External Executor Id': '0dc50439-a02d-40ba-8f44-2665d9245ff0'}
[2024-11-11T21:59:43.794+0000] {logging_mixin.py:190} INFO - Task instance in failure state
[2024-11-11T21:59:43.797+0000] {logging_mixin.py:190} INFO - Task start:2024-11-11 21:58:43.727032+00:00 end:2024-11-11 21:59:43.044805+00:00 duration:59.317773
[2024-11-11T21:59:43.807+0000] {logging_mixin.py:190} INFO - Task:<Task(PythonOperator): fetch_book_data> dag:<DAG: fetch_and_store_amazon_books> dagrun:<DagRun fetch_and_store_amazon_books @ 2024-06-28 00:00:00+00:00: scheduled__2024-06-28T00:00:00+00:00, state:running, queued_at: 2024-11-11 21:51:45.789853+00:00. externally triggered: False>
[2024-11-11T21:59:43.809+0000] {logging_mixin.py:190} INFO - Failure caused by {'DAG Id': 'fetch_and_store_amazon_books', 'Task Id': 'fetch_book_data', 'Run Id': 'scheduled__2024-06-28T00:00:00+00:00', 'Hostname': 'bbd7645b21a9', 'External Executor Id': '0dc50439-a02d-40ba-8f44-2665d9245ff0'}
[2024-11-11T21:59:43.823+0000] {logging_mixin.py:190} INFO - [2024-11-11T21:59:43.822+0000] {taskinstance.py:1225} INFO - Marking task as UP_FOR_RETRY. dag_id=fetch_and_store_amazon_books, task_id=fetch_book_data, run_id=scheduled__2024-06-28T00:00:00+00:00, execution_date=20240628T000000, start_date=20241111T215843, end_date=20241111T215943
[2024-11-11T21:59:44.267+0000] {logging_mixin.py:190} INFO - [2024-11-11T21:59:44.263+0000] {processor.py:876} INFO - Executed callback for <TaskInstance: fetch_and_store_amazon_books.fetch_book_data scheduled__2024-06-28T00:00:00+00:00 [up_for_retry]> in state up_for_retry
[2024-11-11T21:59:44.305+0000] {logging_mixin.py:190} INFO - [2024-11-11T21:59:44.304+0000] {taskinstance.py:3313} ERROR - {'DAG Id': 'fetch_and_store_amazon_books', 'Task Id': 'fetch_book_data', 'Run Id': 'scheduled__2024-06-29T00:00:00+00:00', 'Hostname': 'bbd7645b21a9', 'External Executor Id': '4abe45df-45d1-4535-9547-c223503e3070'}
[2024-11-11T21:59:44.424+0000] {logging_mixin.py:190} INFO - Task instance in failure state
[2024-11-11T21:59:44.479+0000] {logging_mixin.py:190} INFO - Task start:2024-11-11 21:58:42.213055+00:00 end:2024-11-11 21:59:44.349527+00:00 duration:62.136472
[2024-11-11T21:59:44.495+0000] {logging_mixin.py:190} INFO - Task:<Task(PythonOperator): fetch_book_data> dag:<DAG: fetch_and_store_amazon_books> dagrun:<DagRun fetch_and_store_amazon_books @ 2024-06-29 00:00:00+00:00: scheduled__2024-06-29T00:00:00+00:00, state:running, queued_at: 2024-11-11 21:51:46.676338+00:00. externally triggered: False>
[2024-11-11T21:59:44.511+0000] {logging_mixin.py:190} INFO - Failure caused by {'DAG Id': 'fetch_and_store_amazon_books', 'Task Id': 'fetch_book_data', 'Run Id': 'scheduled__2024-06-29T00:00:00+00:00', 'Hostname': 'bbd7645b21a9', 'External Executor Id': '4abe45df-45d1-4535-9547-c223503e3070'}
[2024-11-11T21:59:44.522+0000] {logging_mixin.py:190} INFO - [2024-11-11T21:59:44.521+0000] {taskinstance.py:1225} INFO - Marking task as UP_FOR_RETRY. dag_id=fetch_and_store_amazon_books, task_id=fetch_book_data, run_id=scheduled__2024-06-29T00:00:00+00:00, execution_date=20240629T000000, start_date=20241111T215842, end_date=20241111T215944
[2024-11-11T21:59:44.620+0000] {logging_mixin.py:190} INFO - [2024-11-11T21:59:44.620+0000] {processor.py:876} INFO - Executed callback for <TaskInstance: fetch_and_store_amazon_books.fetch_book_data scheduled__2024-06-29T00:00:00+00:00 [up_for_retry]> in state up_for_retry
[2024-11-11T21:59:45.080+0000] {logging_mixin.py:190} INFO - [2024-11-11T21:59:45.079+0000] {dag.py:3239} INFO - Sync 1 DAGs
[2024-11-11T21:59:45.979+0000] {processor.py:208} INFO - Processing /opt/airflow/dags/app.py took 7.541 seconds
[2024-11-11T22:01:43.778+0000] {processor.py:186} INFO - Started process (PID=7317) to work on /opt/airflow/dags/app.py
[2024-11-11T22:01:43.815+0000] {processor.py:914} INFO - Processing file /opt/airflow/dags/app.py for tasks to queue
[2024-11-11T22:01:43.824+0000] {logging_mixin.py:190} INFO - [2024-11-11T22:01:43.823+0000] {dagbag.py:588} INFO - Filling up the DagBag from /opt/airflow/dags/app.py
[2024-11-11T22:01:46.597+0000] {processor.py:925} INFO - DAG(s) 'fetch_and_store_amazon_books' retrieved from /opt/airflow/dags/app.py
[2024-11-11T22:01:46.714+0000] {logging_mixin.py:190} INFO - [2024-11-11T22:01:46.712+0000] {dag.py:3239} INFO - Sync 1 DAGs
[2024-11-11T22:01:46.928+0000] {processor.py:208} INFO - Processing /opt/airflow/dags/app.py took 3.574 seconds
[2024-11-11T22:02:27.554+0000] {processor.py:186} INFO - Started process (PID=7363) to work on /opt/airflow/dags/app.py
[2024-11-11T22:02:27.559+0000] {processor.py:914} INFO - Processing file /opt/airflow/dags/app.py for tasks to queue
[2024-11-11T22:02:27.569+0000] {logging_mixin.py:190} INFO - [2024-11-11T22:02:27.568+0000] {dagbag.py:588} INFO - Filling up the DagBag from /opt/airflow/dags/app.py
[2024-11-11T22:02:33.366+0000] {processor.py:925} INFO - DAG(s) 'fetch_and_store_amazon_books' retrieved from /opt/airflow/dags/app.py
[2024-11-11T22:02:33.472+0000] {logging_mixin.py:190} INFO - [2024-11-11T22:02:33.469+0000] {dag.py:3239} INFO - Sync 1 DAGs
[2024-11-11T22:02:33.692+0000] {processor.py:208} INFO - Processing /opt/airflow/dags/app.py took 6.272 seconds
[2024-11-11T22:03:55.321+0000] {processor.py:186} INFO - Started process (PID=7451) to work on /opt/airflow/dags/app.py
[2024-11-11T22:03:55.341+0000] {processor.py:914} INFO - Processing file /opt/airflow/dags/app.py for tasks to queue
[2024-11-11T22:03:55.346+0000] {logging_mixin.py:190} INFO - [2024-11-11T22:03:55.345+0000] {dagbag.py:588} INFO - Filling up the DagBag from /opt/airflow/dags/app.py
[2024-11-11T22:03:57.522+0000] {processor.py:925} INFO - DAG(s) 'fetch_and_store_amazon_books' retrieved from /opt/airflow/dags/app.py
[2024-11-11T22:03:57.821+0000] {logging_mixin.py:190} INFO - [2024-11-11T22:03:57.820+0000] {dag.py:3239} INFO - Sync 1 DAGs
[2024-11-11T22:03:58.235+0000] {processor.py:208} INFO - Processing /opt/airflow/dags/app.py took 2.986 seconds
[2024-11-11T22:05:30.142+0000] {processor.py:186} INFO - Started process (PID=7532) to work on /opt/airflow/dags/app.py
[2024-11-11T22:05:30.158+0000] {processor.py:914} INFO - Processing file /opt/airflow/dags/app.py for tasks to queue
[2024-11-11T22:05:30.178+0000] {logging_mixin.py:190} INFO - [2024-11-11T22:05:30.177+0000] {dagbag.py:588} INFO - Filling up the DagBag from /opt/airflow/dags/app.py
[2024-11-11T22:05:33.954+0000] {processor.py:925} INFO - DAG(s) 'fetch_and_store_amazon_books' retrieved from /opt/airflow/dags/app.py
[2024-11-11T22:05:34.191+0000] {logging_mixin.py:190} INFO - [2024-11-11T22:05:34.178+0000] {dag.py:3239} INFO - Sync 1 DAGs
[2024-11-11T22:05:34.345+0000] {logging_mixin.py:190} INFO - [2024-11-11T22:05:34.344+0000] {dag.py:4180} INFO - Setting next_dagrun for fetch_and_store_amazon_books to 2024-07-07 00:00:00+00:00, run_after=2024-07-08 00:00:00+00:00
[2024-11-11T22:05:34.532+0000] {processor.py:208} INFO - Processing /opt/airflow/dags/app.py took 4.818 seconds
[2024-11-11T22:06:35.583+0000] {processor.py:186} INFO - Started process (PID=7582) to work on /opt/airflow/dags/app.py
[2024-11-11T22:06:35.609+0000] {processor.py:914} INFO - Processing file /opt/airflow/dags/app.py for tasks to queue
[2024-11-11T22:06:35.672+0000] {logging_mixin.py:190} INFO - [2024-11-11T22:06:35.670+0000] {dagbag.py:588} INFO - Filling up the DagBag from /opt/airflow/dags/app.py
[2024-11-11T22:06:41.198+0000] {processor.py:925} INFO - DAG(s) 'fetch_and_store_amazon_books' retrieved from /opt/airflow/dags/app.py
[2024-11-11T22:06:42.113+0000] {logging_mixin.py:190} INFO - [2024-11-11T22:06:42.110+0000] {dag.py:3239} INFO - Sync 1 DAGs
[2024-11-11T22:06:43.490+0000] {logging_mixin.py:190} INFO - [2024-11-11T22:06:43.489+0000] {dag.py:4180} INFO - Setting next_dagrun for fetch_and_store_amazon_books to 2024-07-12 00:00:00+00:00, run_after=2024-07-13 00:00:00+00:00
[2024-11-11T22:06:44.573+0000] {processor.py:208} INFO - Processing /opt/airflow/dags/app.py took 9.017 seconds
[2024-11-11T22:07:54.605+0000] {processor.py:186} INFO - Started process (PID=7636) to work on /opt/airflow/dags/app.py
[2024-11-11T22:07:54.621+0000] {processor.py:914} INFO - Processing file /opt/airflow/dags/app.py for tasks to queue
[2024-11-11T22:07:54.635+0000] {logging_mixin.py:190} INFO - [2024-11-11T22:07:54.627+0000] {dagbag.py:588} INFO - Filling up the DagBag from /opt/airflow/dags/app.py
[2024-11-11T22:07:56.655+0000] {processor.py:925} INFO - DAG(s) 'fetch_and_store_amazon_books' retrieved from /opt/airflow/dags/app.py
[2024-11-11T22:07:56.900+0000] {logging_mixin.py:190} INFO - [2024-11-11T22:07:56.899+0000] {dag.py:3239} INFO - Sync 1 DAGs
[2024-11-11T22:07:57.109+0000] {logging_mixin.py:190} INFO - [2024-11-11T22:07:57.109+0000] {dag.py:4180} INFO - Setting next_dagrun for fetch_and_store_amazon_books to 2024-07-14 00:00:00+00:00, run_after=2024-07-15 00:00:00+00:00
[2024-11-11T22:07:57.506+0000] {processor.py:208} INFO - Processing /opt/airflow/dags/app.py took 2.955 seconds
[2024-11-11T22:08:37.032+0000] {processor.py:186} INFO - Started process (PID=7675) to work on /opt/airflow/dags/app.py
[2024-11-11T22:08:37.051+0000] {processor.py:914} INFO - Processing file /opt/airflow/dags/app.py for tasks to queue
[2024-11-11T22:08:37.074+0000] {logging_mixin.py:190} INFO - [2024-11-11T22:08:37.073+0000] {dagbag.py:588} INFO - Filling up the DagBag from /opt/airflow/dags/app.py
[2024-11-11T22:08:38.750+0000] {processor.py:925} INFO - DAG(s) 'fetch_and_store_amazon_books' retrieved from /opt/airflow/dags/app.py
[2024-11-11T22:08:38.981+0000] {logging_mixin.py:190} INFO - [2024-11-11T22:08:38.980+0000] {dag.py:3239} INFO - Sync 1 DAGs
[2024-11-11T22:08:39.289+0000] {processor.py:208} INFO - Processing /opt/airflow/dags/app.py took 2.681 seconds
[2024-11-11T22:11:05.644+0000] {processor.py:186} INFO - Started process (PID=7730) to work on /opt/airflow/dags/app.py
[2024-11-11T22:11:05.855+0000] {processor.py:914} INFO - Processing file /opt/airflow/dags/app.py for tasks to queue
[2024-11-11T22:11:05.874+0000] {logging_mixin.py:190} INFO - [2024-11-11T22:11:05.873+0000] {dagbag.py:588} INFO - Filling up the DagBag from /opt/airflow/dags/app.py
[2024-11-11T22:11:09.896+0000] {processor.py:925} INFO - DAG(s) 'fetch_and_store_amazon_books' retrieved from /opt/airflow/dags/app.py
[2024-11-11T22:11:10.097+0000] {logging_mixin.py:190} INFO - [2024-11-11T22:11:10.096+0000] {dag.py:3239} INFO - Sync 1 DAGs
[2024-11-11T22:11:10.570+0000] {processor.py:208} INFO - Processing /opt/airflow/dags/app.py took 5.010 seconds
[2024-11-11T22:16:20.434+0000] {processor.py:186} INFO - Started process (PID=59) to work on /opt/airflow/dags/app.py
[2024-11-11T22:16:20.437+0000] {processor.py:914} INFO - Processing file /opt/airflow/dags/app.py for tasks to queue
[2024-11-11T22:16:20.451+0000] {logging_mixin.py:190} INFO - [2024-11-11T22:16:20.450+0000] {dagbag.py:588} INFO - Filling up the DagBag from /opt/airflow/dags/app.py
[2024-11-11T22:16:22.355+0000] {processor.py:925} INFO - DAG(s) 'fetch_and_store_amazon_books' retrieved from /opt/airflow/dags/app.py
[2024-11-11T22:16:22.488+0000] {logging_mixin.py:190} INFO - [2024-11-11T22:16:22.487+0000] {dag.py:3239} INFO - Sync 1 DAGs
[2024-11-11T22:16:22.575+0000] {logging_mixin.py:190} INFO - [2024-11-11T22:16:22.574+0000] {dag.py:4180} INFO - Setting next_dagrun for fetch_and_store_amazon_books to 2024-07-19 00:00:00+00:00, run_after=2024-07-20 00:00:00+00:00
[2024-11-11T22:16:22.642+0000] {processor.py:208} INFO - Processing /opt/airflow/dags/app.py took 2.228 seconds
[2024-11-11T22:16:32.431+0000] {processor.py:186} INFO - Started process (PID=88) to work on /opt/airflow/dags/app.py
[2024-11-11T22:16:32.434+0000] {processor.py:914} INFO - Processing file /opt/airflow/dags/app.py for tasks to queue
[2024-11-11T22:16:32.443+0000] {logging_mixin.py:190} INFO - [2024-11-11T22:16:32.442+0000] {dagbag.py:588} INFO - Filling up the DagBag from /opt/airflow/dags/app.py
[2024-11-11T22:16:33.836+0000] {processor.py:925} INFO - DAG(s) 'fetch_and_store_amazon_books' retrieved from /opt/airflow/dags/app.py
[2024-11-11T22:16:33.920+0000] {logging_mixin.py:190} INFO - [2024-11-11T22:16:33.916+0000] {taskinstance.py:3313} ERROR - {'DAG Id': 'fetch_and_store_amazon_books', 'Task Id': 'fetch_book_data', 'Run Id': 'scheduled__2024-07-13T00:00:00+00:00', 'Hostname': 'bbd7645b21a9', 'External Executor Id': 'f9157610-6ec3-4199-925d-b08ef2b0b823'}
[2024-11-11T22:16:34.071+0000] {logging_mixin.py:190} INFO - Task instance in failure state
[2024-11-11T22:16:34.074+0000] {logging_mixin.py:190} INFO - Task start:2024-11-11 22:10:52.473680+00:00 end:2024-11-11 22:16:34.065161+00:00 duration:341.591481
[2024-11-11T22:16:34.075+0000] {logging_mixin.py:190} INFO - Task:<Task(PythonOperator): fetch_book_data> dag:<DAG: fetch_and_store_amazon_books> dagrun:<DagRun fetch_and_store_amazon_books @ 2024-07-13 00:00:00+00:00: scheduled__2024-07-13T00:00:00+00:00, state:running, queued_at: 2024-11-11 22:06:47.761912+00:00. externally triggered: False>
[2024-11-11T22:16:34.077+0000] {logging_mixin.py:190} INFO - Failure caused by {'DAG Id': 'fetch_and_store_amazon_books', 'Task Id': 'fetch_book_data', 'Run Id': 'scheduled__2024-07-13T00:00:00+00:00', 'Hostname': 'bbd7645b21a9', 'External Executor Id': 'f9157610-6ec3-4199-925d-b08ef2b0b823'}
[2024-11-11T22:16:34.080+0000] {logging_mixin.py:190} INFO - [2024-11-11T22:16:34.080+0000] {taskinstance.py:1225} INFO - Marking task as UP_FOR_RETRY. dag_id=fetch_and_store_amazon_books, task_id=fetch_book_data, run_id=scheduled__2024-07-13T00:00:00+00:00, execution_date=20240713T000000, start_date=20241111T221052, end_date=20241111T221634
[2024-11-11T22:16:34.167+0000] {logging_mixin.py:190} INFO - [2024-11-11T22:16:34.167+0000] {processor.py:876} INFO - Executed callback for <TaskInstance: fetch_and_store_amazon_books.fetch_book_data scheduled__2024-07-13T00:00:00+00:00 [up_for_retry]> in state up_for_retry
[2024-11-11T22:16:34.178+0000] {logging_mixin.py:190} INFO - [2024-11-11T22:16:34.178+0000] {taskinstance.py:3313} ERROR - {'DAG Id': 'fetch_and_store_amazon_books', 'Task Id': 'fetch_book_data', 'Run Id': 'scheduled__2024-07-06T00:00:00+00:00', 'Hostname': 'bbd7645b21a9', 'External Executor Id': 'ef00fca8-c50e-4775-9afb-854429313edb'}
[2024-11-11T22:16:34.246+0000] {logging_mixin.py:190} INFO - Task instance in failure state
[2024-11-11T22:16:34.256+0000] {logging_mixin.py:190} INFO - Task start:2024-11-11 22:09:15.845377+00:00 end:2024-11-11 22:16:34.245429+00:00 duration:438.400052
[2024-11-11T22:16:34.269+0000] {logging_mixin.py:190} INFO - Task:<Task(PythonOperator): fetch_book_data> dag:<DAG: fetch_and_store_amazon_books> dagrun:<DagRun fetch_and_store_amazon_books @ 2024-07-06 00:00:00+00:00: scheduled__2024-07-06T00:00:00+00:00, state:running, queued_at: 2024-11-11 22:05:07.908250+00:00. externally triggered: False>
[2024-11-11T22:16:34.277+0000] {logging_mixin.py:190} INFO - Failure caused by {'DAG Id': 'fetch_and_store_amazon_books', 'Task Id': 'fetch_book_data', 'Run Id': 'scheduled__2024-07-06T00:00:00+00:00', 'Hostname': 'bbd7645b21a9', 'External Executor Id': 'ef00fca8-c50e-4775-9afb-854429313edb'}
[2024-11-11T22:16:34.290+0000] {logging_mixin.py:190} INFO - [2024-11-11T22:16:34.290+0000] {taskinstance.py:1225} INFO - Marking task as UP_FOR_RETRY. dag_id=fetch_and_store_amazon_books, task_id=fetch_book_data, run_id=scheduled__2024-07-06T00:00:00+00:00, execution_date=20240706T000000, start_date=20241111T220915, end_date=20241111T221634
[2024-11-11T22:16:34.317+0000] {logging_mixin.py:190} INFO - [2024-11-11T22:16:34.317+0000] {processor.py:876} INFO - Executed callback for <TaskInstance: fetch_and_store_amazon_books.fetch_book_data scheduled__2024-07-06T00:00:00+00:00 [up_for_retry]> in state up_for_retry
[2024-11-11T22:16:34.331+0000] {logging_mixin.py:190} INFO - [2024-11-11T22:16:34.330+0000] {taskinstance.py:3313} ERROR - {'DAG Id': 'fetch_and_store_amazon_books', 'Task Id': 'fetch_book_data', 'Run Id': 'scheduled__2024-07-11T00:00:00+00:00', 'Hostname': 'bbd7645b21a9', 'External Executor Id': 'cb6cfc10-2b13-48b0-8217-1dcd1bd728ec'}
[2024-11-11T22:16:34.388+0000] {logging_mixin.py:190} INFO - Task instance in failure state
[2024-11-11T22:16:34.390+0000] {logging_mixin.py:190} INFO - Task start:2024-11-11 22:10:57.185550+00:00 end:2024-11-11 22:16:34.387945+00:00 duration:337.202395
[2024-11-11T22:16:34.391+0000] {logging_mixin.py:190} INFO - Task:<Task(PythonOperator): fetch_book_data> dag:<DAG: fetch_and_store_amazon_books> dagrun:<DagRun fetch_and_store_amazon_books @ 2024-07-11 00:00:00+00:00: scheduled__2024-07-11T00:00:00+00:00, state:running, queued_at: 2024-11-11 22:06:15.377833+00:00. externally triggered: False>
[2024-11-11T22:16:34.391+0000] {logging_mixin.py:190} INFO - Failure caused by {'DAG Id': 'fetch_and_store_amazon_books', 'Task Id': 'fetch_book_data', 'Run Id': 'scheduled__2024-07-11T00:00:00+00:00', 'Hostname': 'bbd7645b21a9', 'External Executor Id': 'cb6cfc10-2b13-48b0-8217-1dcd1bd728ec'}
[2024-11-11T22:16:34.396+0000] {logging_mixin.py:190} INFO - [2024-11-11T22:16:34.396+0000] {taskinstance.py:1225} INFO - Marking task as UP_FOR_RETRY. dag_id=fetch_and_store_amazon_books, task_id=fetch_book_data, run_id=scheduled__2024-07-11T00:00:00+00:00, execution_date=20240711T000000, start_date=20241111T221057, end_date=20241111T221634
[2024-11-11T22:16:34.417+0000] {logging_mixin.py:190} INFO - [2024-11-11T22:16:34.416+0000] {processor.py:876} INFO - Executed callback for <TaskInstance: fetch_and_store_amazon_books.fetch_book_data scheduled__2024-07-11T00:00:00+00:00 [up_for_retry]> in state up_for_retry
[2024-11-11T22:16:34.433+0000] {logging_mixin.py:190} INFO - [2024-11-11T22:16:34.432+0000] {taskinstance.py:3313} ERROR - {'DAG Id': 'fetch_and_store_amazon_books', 'Task Id': 'fetch_book_data', 'Run Id': 'scheduled__2024-07-12T00:00:00+00:00', 'Hostname': 'bbd7645b21a9', 'External Executor Id': '658ba1fa-d4cd-4d19-96d9-cc2808a5a9b8'}
[2024-11-11T22:16:34.475+0000] {logging_mixin.py:190} INFO - Task instance in failure state
[2024-11-11T22:16:34.487+0000] {logging_mixin.py:190} INFO - Task start:2024-11-11 22:10:55.154980+00:00 end:2024-11-11 22:16:34.474878+00:00 duration:339.319898
[2024-11-11T22:16:34.489+0000] {logging_mixin.py:190} INFO - Task:<Task(PythonOperator): fetch_book_data> dag:<DAG: fetch_and_store_amazon_books> dagrun:<DagRun fetch_and_store_amazon_books @ 2024-07-12 00:00:00+00:00: scheduled__2024-07-12T00:00:00+00:00, state:running, queued_at: 2024-11-11 22:06:44.773838+00:00. externally triggered: False>
[2024-11-11T22:16:34.490+0000] {logging_mixin.py:190} INFO - Failure caused by {'DAG Id': 'fetch_and_store_amazon_books', 'Task Id': 'fetch_book_data', 'Run Id': 'scheduled__2024-07-12T00:00:00+00:00', 'Hostname': 'bbd7645b21a9', 'External Executor Id': '658ba1fa-d4cd-4d19-96d9-cc2808a5a9b8'}
[2024-11-11T22:16:34.491+0000] {logging_mixin.py:190} INFO - [2024-11-11T22:16:34.491+0000] {taskinstance.py:1225} INFO - Marking task as UP_FOR_RETRY. dag_id=fetch_and_store_amazon_books, task_id=fetch_book_data, run_id=scheduled__2024-07-12T00:00:00+00:00, execution_date=20240712T000000, start_date=20241111T221055, end_date=20241111T221634
[2024-11-11T22:16:34.518+0000] {logging_mixin.py:190} INFO - [2024-11-11T22:16:34.518+0000] {processor.py:876} INFO - Executed callback for <TaskInstance: fetch_and_store_amazon_books.fetch_book_data scheduled__2024-07-12T00:00:00+00:00 [up_for_retry]> in state up_for_retry
[2024-11-11T22:16:34.608+0000] {logging_mixin.py:190} INFO - [2024-11-11T22:16:34.607+0000] {dag.py:3239} INFO - Sync 1 DAGs
[2024-11-11T22:16:34.735+0000] {logging_mixin.py:190} INFO - [2024-11-11T22:16:34.734+0000] {dag.py:4180} INFO - Setting next_dagrun for fetch_and_store_amazon_books to 2024-07-19 00:00:00+00:00, run_after=2024-07-20 00:00:00+00:00
[2024-11-11T22:16:34.891+0000] {processor.py:208} INFO - Processing /opt/airflow/dags/app.py took 2.494 seconds
[2024-11-11T22:20:59.458+0000] {processor.py:186} INFO - Started process (PID=77) to work on /opt/airflow/dags/app.py
[2024-11-11T22:20:59.473+0000] {processor.py:914} INFO - Processing file /opt/airflow/dags/app.py for tasks to queue
[2024-11-11T22:20:59.498+0000] {logging_mixin.py:190} INFO - [2024-11-11T22:20:59.497+0000] {dagbag.py:588} INFO - Filling up the DagBag from /opt/airflow/dags/app.py
[2024-11-11T22:21:01.012+0000] {processor.py:925} INFO - DAG(s) 'fetch_and_store_amazon_books' retrieved from /opt/airflow/dags/app.py
[2024-11-11T22:21:01.276+0000] {logging_mixin.py:190} INFO - [2024-11-11T22:21:01.262+0000] {dag.py:3239} INFO - Sync 1 DAGs
[2024-11-11T22:21:01.443+0000] {logging_mixin.py:190} INFO - [2024-11-11T22:21:01.443+0000] {dag.py:4180} INFO - Setting next_dagrun for fetch_and_store_amazon_books to 2024-07-20 00:00:00+00:00, run_after=2024-07-21 00:00:00+00:00
[2024-11-11T22:21:01.688+0000] {processor.py:208} INFO - Processing /opt/airflow/dags/app.py took 2.259 seconds
[2024-11-11T22:23:36.836+0000] {processor.py:186} INFO - Started process (PID=205) to work on /opt/airflow/dags/app.py
[2024-11-11T22:23:36.841+0000] {processor.py:914} INFO - Processing file /opt/airflow/dags/app.py for tasks to queue
[2024-11-11T22:23:36.848+0000] {logging_mixin.py:190} INFO - [2024-11-11T22:23:36.846+0000] {dagbag.py:588} INFO - Filling up the DagBag from /opt/airflow/dags/app.py
[2024-11-11T22:23:38.594+0000] {processor.py:925} INFO - DAG(s) 'fetch_and_store_amazon_books' retrieved from /opt/airflow/dags/app.py
[2024-11-11T22:23:39.394+0000] {logging_mixin.py:190} INFO - [2024-11-11T22:23:39.393+0000] {dag.py:3239} INFO - Sync 1 DAGs
[2024-11-11T22:23:40.685+0000] {processor.py:208} INFO - Processing /opt/airflow/dags/app.py took 3.908 seconds
[2024-11-11T22:25:40.344+0000] {processor.py:186} INFO - Started process (PID=267) to work on /opt/airflow/dags/app.py
[2024-11-11T22:25:40.360+0000] {processor.py:914} INFO - Processing file /opt/airflow/dags/app.py for tasks to queue
[2024-11-11T22:25:40.510+0000] {logging_mixin.py:190} INFO - [2024-11-11T22:25:40.504+0000] {dagbag.py:588} INFO - Filling up the DagBag from /opt/airflow/dags/app.py
[2024-11-11T22:25:42.682+0000] {processor.py:925} INFO - DAG(s) 'fetch_and_store_amazon_books' retrieved from /opt/airflow/dags/app.py
[2024-11-11T22:25:43.059+0000] {logging_mixin.py:190} INFO - [2024-11-11T22:25:43.058+0000] {dag.py:3239} INFO - Sync 1 DAGs
[2024-11-11T22:25:43.893+0000] {processor.py:208} INFO - Processing /opt/airflow/dags/app.py took 3.620 seconds
