[2024-11-11T21:18:09.131+0000] {processor.py:186} INFO - Started process (PID=2915) to work on /opt/airflow/dags/dag.py
[2024-11-11T21:18:09.133+0000] {processor.py:914} INFO - Processing file /opt/airflow/dags/dag.py for tasks to queue
[2024-11-11T21:18:09.137+0000] {logging_mixin.py:190} INFO - [2024-11-11T21:18:09.136+0000] {dagbag.py:588} INFO - Filling up the DagBag from /opt/airflow/dags/dag.py
[2024-11-11T21:18:15.214+0000] {processor.py:925} INFO - DAG(s) 'fetch_and_store_amazon_books' retrieved from /opt/airflow/dags/dag.py
[2024-11-11T21:18:17.206+0000] {logging_mixin.py:190} INFO - [2024-11-11T21:18:17.204+0000] {override.py:1911} INFO - Created Permission View: can edit on DAG:fetch_and_store_amazon_books
[2024-11-11T21:18:17.269+0000] {logging_mixin.py:190} INFO - [2024-11-11T21:18:17.269+0000] {override.py:1911} INFO - Created Permission View: can delete on DAG:fetch_and_store_amazon_books
[2024-11-11T21:18:17.319+0000] {logging_mixin.py:190} INFO - [2024-11-11T21:18:17.317+0000] {override.py:1911} INFO - Created Permission View: can read on DAG:fetch_and_store_amazon_books
[2024-11-11T21:18:18.272+0000] {logging_mixin.py:190} INFO - [2024-11-11T21:18:18.271+0000] {override.py:1911} INFO - Created Permission View: can delete on DAG Run:fetch_and_store_amazon_books
[2024-11-11T21:18:18.400+0000] {logging_mixin.py:190} INFO - [2024-11-11T21:18:18.399+0000] {override.py:1911} INFO - Created Permission View: can create on DAG Run:fetch_and_store_amazon_books
[2024-11-11T21:18:18.504+0000] {logging_mixin.py:190} INFO - [2024-11-11T21:18:18.503+0000] {override.py:1911} INFO - Created Permission View: can read on DAG Run:fetch_and_store_amazon_books
[2024-11-11T21:18:18.550+0000] {logging_mixin.py:190} INFO - [2024-11-11T21:18:18.549+0000] {override.py:1911} INFO - Created Permission View: menu access on DAG Run:fetch_and_store_amazon_books
[2024-11-11T21:18:18.553+0000] {logging_mixin.py:190} INFO - [2024-11-11T21:18:18.552+0000] {dag.py:3239} INFO - Sync 1 DAGs
[2024-11-11T21:18:18.662+0000] {logging_mixin.py:190} INFO - [2024-11-11T21:18:18.660+0000] {dag.py:3262} INFO - Creating ORM DAG for fetch_and_store_amazon_books
[2024-11-11T21:18:18.769+0000] {logging_mixin.py:190} INFO - [2024-11-11T21:18:18.768+0000] {dag.py:4180} INFO - Setting next_dagrun for fetch_and_store_amazon_books to 2024-06-20 00:00:00+00:00, run_after=2024-06-21 00:00:00+00:00
[2024-11-11T21:18:19.045+0000] {processor.py:208} INFO - Processing /opt/airflow/dags/dag.py took 9.934 seconds
[2024-11-11T21:18:56.748+0000] {processor.py:186} INFO - Started process (PID=2979) to work on /opt/airflow/dags/dag.py
[2024-11-11T21:18:56.751+0000] {processor.py:914} INFO - Processing file /opt/airflow/dags/dag.py for tasks to queue
[2024-11-11T21:18:56.764+0000] {logging_mixin.py:190} INFO - [2024-11-11T21:18:56.763+0000] {dagbag.py:588} INFO - Filling up the DagBag from /opt/airflow/dags/dag.py
[2024-11-11T21:18:58.297+0000] {processor.py:925} INFO - DAG(s) 'fetch_and_store_amazon_books' retrieved from /opt/airflow/dags/dag.py
[2024-11-11T21:18:58.443+0000] {logging_mixin.py:190} INFO - [2024-11-11T21:18:58.438+0000] {dag.py:3239} INFO - Sync 1 DAGs
[2024-11-11T21:18:58.579+0000] {logging_mixin.py:190} INFO - [2024-11-11T21:18:58.579+0000] {dag.py:4180} INFO - Setting next_dagrun for fetch_and_store_amazon_books to 2024-06-20 00:00:00+00:00, run_after=2024-06-21 00:00:00+00:00
[2024-11-11T21:18:58.682+0000] {processor.py:208} INFO - Processing /opt/airflow/dags/dag.py took 1.961 seconds
[2024-11-11T21:19:29.819+0000] {processor.py:186} INFO - Started process (PID=3045) to work on /opt/airflow/dags/dag.py
[2024-11-11T21:19:29.822+0000] {processor.py:914} INFO - Processing file /opt/airflow/dags/dag.py for tasks to queue
[2024-11-11T21:19:29.826+0000] {logging_mixin.py:190} INFO - [2024-11-11T21:19:29.825+0000] {dagbag.py:588} INFO - Filling up the DagBag from /opt/airflow/dags/dag.py
[2024-11-11T21:19:31.634+0000] {processor.py:925} INFO - DAG(s) 'fetch_and_store_amazon_books' retrieved from /opt/airflow/dags/dag.py
[2024-11-11T21:19:31.748+0000] {logging_mixin.py:190} INFO - [2024-11-11T21:19:31.744+0000] {dag.py:3239} INFO - Sync 1 DAGs
[2024-11-11T21:19:31.894+0000] {logging_mixin.py:190} INFO - [2024-11-11T21:19:31.893+0000] {dag.py:4180} INFO - Setting next_dagrun for fetch_and_store_amazon_books to 2024-06-20 00:00:00+00:00, run_after=2024-06-21 00:00:00+00:00
[2024-11-11T21:19:32.022+0000] {processor.py:208} INFO - Processing /opt/airflow/dags/dag.py took 2.221 seconds
[2024-11-11T21:20:02.913+0000] {processor.py:186} INFO - Started process (PID=3099) to work on /opt/airflow/dags/dag.py
[2024-11-11T21:20:02.916+0000] {processor.py:914} INFO - Processing file /opt/airflow/dags/dag.py for tasks to queue
[2024-11-11T21:20:02.921+0000] {logging_mixin.py:190} INFO - [2024-11-11T21:20:02.919+0000] {dagbag.py:588} INFO - Filling up the DagBag from /opt/airflow/dags/dag.py
[2024-11-11T21:20:04.863+0000] {processor.py:925} INFO - DAG(s) 'fetch_and_store_amazon_books' retrieved from /opt/airflow/dags/dag.py
[2024-11-11T21:20:04.949+0000] {logging_mixin.py:190} INFO - [2024-11-11T21:20:04.948+0000] {dag.py:3239} INFO - Sync 1 DAGs
[2024-11-11T21:20:05.097+0000] {logging_mixin.py:190} INFO - [2024-11-11T21:20:05.097+0000] {dag.py:4180} INFO - Setting next_dagrun for fetch_and_store_amazon_books to 2024-06-20 00:00:00+00:00, run_after=2024-06-21 00:00:00+00:00
[2024-11-11T21:20:05.245+0000] {processor.py:208} INFO - Processing /opt/airflow/dags/dag.py took 2.369 seconds
[2024-11-11T21:20:35.810+0000] {processor.py:186} INFO - Started process (PID=3168) to work on /opt/airflow/dags/dag.py
[2024-11-11T21:20:35.813+0000] {processor.py:914} INFO - Processing file /opt/airflow/dags/dag.py for tasks to queue
[2024-11-11T21:20:35.817+0000] {logging_mixin.py:190} INFO - [2024-11-11T21:20:35.816+0000] {dagbag.py:588} INFO - Filling up the DagBag from /opt/airflow/dags/dag.py
[2024-11-11T21:20:36.083+0000] {processor.py:925} INFO - DAG(s) 'fetch_and_store_amazon_books' retrieved from /opt/airflow/dags/dag.py
[2024-11-11T21:20:36.153+0000] {logging_mixin.py:190} INFO - [2024-11-11T21:20:36.151+0000] {dag.py:3239} INFO - Sync 1 DAGs
[2024-11-11T21:20:36.260+0000] {logging_mixin.py:190} INFO - [2024-11-11T21:20:36.250+0000] {dag.py:4180} INFO - Setting next_dagrun for fetch_and_store_amazon_books to 2024-06-20 00:00:00+00:00, run_after=2024-06-21 00:00:00+00:00
[2024-11-11T21:20:36.354+0000] {processor.py:208} INFO - Processing /opt/airflow/dags/dag.py took 0.557 seconds
[2024-11-11T21:21:06.902+0000] {processor.py:186} INFO - Started process (PID=3232) to work on /opt/airflow/dags/dag.py
[2024-11-11T21:21:06.907+0000] {processor.py:914} INFO - Processing file /opt/airflow/dags/dag.py for tasks to queue
[2024-11-11T21:21:06.915+0000] {logging_mixin.py:190} INFO - [2024-11-11T21:21:06.914+0000] {dagbag.py:588} INFO - Filling up the DagBag from /opt/airflow/dags/dag.py
[2024-11-11T21:21:07.602+0000] {processor.py:925} INFO - DAG(s) 'fetch_and_store_amazon_books' retrieved from /opt/airflow/dags/dag.py
[2024-11-11T21:21:07.673+0000] {logging_mixin.py:190} INFO - [2024-11-11T21:21:07.672+0000] {dag.py:3239} INFO - Sync 1 DAGs
[2024-11-11T21:21:07.776+0000] {logging_mixin.py:190} INFO - [2024-11-11T21:21:07.775+0000] {dag.py:4180} INFO - Setting next_dagrun for fetch_and_store_amazon_books to 2024-06-20 00:00:00+00:00, run_after=2024-06-21 00:00:00+00:00
[2024-11-11T21:21:07.862+0000] {processor.py:208} INFO - Processing /opt/airflow/dags/dag.py took 0.983 seconds
[2024-11-11T21:21:39.307+0000] {processor.py:186} INFO - Started process (PID=3294) to work on /opt/airflow/dags/dag.py
[2024-11-11T21:21:39.310+0000] {processor.py:914} INFO - Processing file /opt/airflow/dags/dag.py for tasks to queue
[2024-11-11T21:21:39.314+0000] {logging_mixin.py:190} INFO - [2024-11-11T21:21:39.313+0000] {dagbag.py:588} INFO - Filling up the DagBag from /opt/airflow/dags/dag.py
[2024-11-11T21:21:39.893+0000] {processor.py:925} INFO - DAG(s) 'fetch_and_store_amazon_books' retrieved from /opt/airflow/dags/dag.py
[2024-11-11T21:21:39.986+0000] {logging_mixin.py:190} INFO - [2024-11-11T21:21:39.985+0000] {dag.py:3239} INFO - Sync 1 DAGs
[2024-11-11T21:21:40.095+0000] {logging_mixin.py:190} INFO - [2024-11-11T21:21:40.094+0000] {dag.py:4180} INFO - Setting next_dagrun for fetch_and_store_amazon_books to 2024-06-20 00:00:00+00:00, run_after=2024-06-21 00:00:00+00:00
[2024-11-11T21:21:40.233+0000] {processor.py:208} INFO - Processing /opt/airflow/dags/dag.py took 0.958 seconds
[2024-11-11T21:22:10.744+0000] {processor.py:186} INFO - Started process (PID=3357) to work on /opt/airflow/dags/dag.py
[2024-11-11T21:22:10.746+0000] {processor.py:914} INFO - Processing file /opt/airflow/dags/dag.py for tasks to queue
[2024-11-11T21:22:10.750+0000] {logging_mixin.py:190} INFO - [2024-11-11T21:22:10.749+0000] {dagbag.py:588} INFO - Filling up the DagBag from /opt/airflow/dags/dag.py
[2024-11-11T21:22:11.068+0000] {processor.py:925} INFO - DAG(s) 'fetch_and_store_amazon_books' retrieved from /opt/airflow/dags/dag.py
[2024-11-11T21:22:11.110+0000] {logging_mixin.py:190} INFO - [2024-11-11T21:22:11.109+0000] {dag.py:3239} INFO - Sync 1 DAGs
[2024-11-11T21:22:11.167+0000] {logging_mixin.py:190} INFO - [2024-11-11T21:22:11.167+0000] {dag.py:4180} INFO - Setting next_dagrun for fetch_and_store_amazon_books to 2024-06-20 00:00:00+00:00, run_after=2024-06-21 00:00:00+00:00
[2024-11-11T21:22:11.230+0000] {processor.py:208} INFO - Processing /opt/airflow/dags/dag.py took 0.502 seconds
[2024-11-11T21:22:41.440+0000] {processor.py:186} INFO - Started process (PID=3422) to work on /opt/airflow/dags/dag.py
[2024-11-11T21:22:41.442+0000] {processor.py:914} INFO - Processing file /opt/airflow/dags/dag.py for tasks to queue
[2024-11-11T21:22:41.446+0000] {logging_mixin.py:190} INFO - [2024-11-11T21:22:41.445+0000] {dagbag.py:588} INFO - Filling up the DagBag from /opt/airflow/dags/dag.py
[2024-11-11T21:22:41.699+0000] {processor.py:925} INFO - DAG(s) 'fetch_and_store_amazon_books' retrieved from /opt/airflow/dags/dag.py
[2024-11-11T21:22:41.743+0000] {logging_mixin.py:190} INFO - [2024-11-11T21:22:41.742+0000] {dag.py:3239} INFO - Sync 1 DAGs
[2024-11-11T21:22:41.785+0000] {logging_mixin.py:190} INFO - [2024-11-11T21:22:41.785+0000] {dag.py:4180} INFO - Setting next_dagrun for fetch_and_store_amazon_books to 2024-06-20 00:00:00+00:00, run_after=2024-06-21 00:00:00+00:00
[2024-11-11T21:22:41.821+0000] {processor.py:208} INFO - Processing /opt/airflow/dags/dag.py took 0.395 seconds
[2024-11-11T21:23:12.775+0000] {processor.py:186} INFO - Started process (PID=3486) to work on /opt/airflow/dags/dag.py
[2024-11-11T21:23:12.778+0000] {processor.py:914} INFO - Processing file /opt/airflow/dags/dag.py for tasks to queue
[2024-11-11T21:23:12.782+0000] {logging_mixin.py:190} INFO - [2024-11-11T21:23:12.781+0000] {dagbag.py:588} INFO - Filling up the DagBag from /opt/airflow/dags/dag.py
[2024-11-11T21:23:13.182+0000] {processor.py:925} INFO - DAG(s) 'fetch_and_store_amazon_books' retrieved from /opt/airflow/dags/dag.py
[2024-11-11T21:23:13.245+0000] {logging_mixin.py:190} INFO - [2024-11-11T21:23:13.244+0000] {dag.py:3239} INFO - Sync 1 DAGs
[2024-11-11T21:23:13.318+0000] {logging_mixin.py:190} INFO - [2024-11-11T21:23:13.317+0000] {dag.py:4180} INFO - Setting next_dagrun for fetch_and_store_amazon_books to 2024-06-20 00:00:00+00:00, run_after=2024-06-21 00:00:00+00:00
[2024-11-11T21:23:13.359+0000] {processor.py:208} INFO - Processing /opt/airflow/dags/dag.py took 0.603 seconds
[2024-11-11T21:23:43.610+0000] {processor.py:186} INFO - Started process (PID=3551) to work on /opt/airflow/dags/dag.py
[2024-11-11T21:23:43.613+0000] {processor.py:914} INFO - Processing file /opt/airflow/dags/dag.py for tasks to queue
[2024-11-11T21:23:43.616+0000] {logging_mixin.py:190} INFO - [2024-11-11T21:23:43.615+0000] {dagbag.py:588} INFO - Filling up the DagBag from /opt/airflow/dags/dag.py
[2024-11-11T21:23:43.874+0000] {processor.py:925} INFO - DAG(s) 'fetch_and_store_amazon_books' retrieved from /opt/airflow/dags/dag.py
[2024-11-11T21:23:43.902+0000] {logging_mixin.py:190} INFO - [2024-11-11T21:23:43.901+0000] {dag.py:3239} INFO - Sync 1 DAGs
[2024-11-11T21:23:43.930+0000] {logging_mixin.py:190} INFO - [2024-11-11T21:23:43.930+0000] {dag.py:4180} INFO - Setting next_dagrun for fetch_and_store_amazon_books to 2024-06-20 00:00:00+00:00, run_after=2024-06-21 00:00:00+00:00
[2024-11-11T21:23:43.961+0000] {processor.py:208} INFO - Processing /opt/airflow/dags/dag.py took 0.366 seconds
[2024-11-11T21:24:14.028+0000] {processor.py:186} INFO - Started process (PID=3615) to work on /opt/airflow/dags/dag.py
[2024-11-11T21:24:14.030+0000] {processor.py:914} INFO - Processing file /opt/airflow/dags/dag.py for tasks to queue
[2024-11-11T21:24:14.033+0000] {logging_mixin.py:190} INFO - [2024-11-11T21:24:14.032+0000] {dagbag.py:588} INFO - Filling up the DagBag from /opt/airflow/dags/dag.py
[2024-11-11T21:24:14.290+0000] {processor.py:925} INFO - DAG(s) 'fetch_and_store_amazon_books' retrieved from /opt/airflow/dags/dag.py
[2024-11-11T21:24:14.321+0000] {logging_mixin.py:190} INFO - [2024-11-11T21:24:14.320+0000] {dag.py:3239} INFO - Sync 1 DAGs
[2024-11-11T21:24:14.361+0000] {logging_mixin.py:190} INFO - [2024-11-11T21:24:14.360+0000] {dag.py:4180} INFO - Setting next_dagrun for fetch_and_store_amazon_books to 2024-06-20 00:00:00+00:00, run_after=2024-06-21 00:00:00+00:00
[2024-11-11T21:24:14.391+0000] {processor.py:208} INFO - Processing /opt/airflow/dags/dag.py took 0.375 seconds
[2024-11-11T21:24:44.592+0000] {processor.py:186} INFO - Started process (PID=3678) to work on /opt/airflow/dags/dag.py
[2024-11-11T21:24:44.595+0000] {processor.py:914} INFO - Processing file /opt/airflow/dags/dag.py for tasks to queue
[2024-11-11T21:24:44.599+0000] {logging_mixin.py:190} INFO - [2024-11-11T21:24:44.598+0000] {dagbag.py:588} INFO - Filling up the DagBag from /opt/airflow/dags/dag.py
[2024-11-11T21:24:45.061+0000] {processor.py:925} INFO - DAG(s) 'fetch_and_store_amazon_books' retrieved from /opt/airflow/dags/dag.py
[2024-11-11T21:24:45.120+0000] {logging_mixin.py:190} INFO - [2024-11-11T21:24:45.119+0000] {dag.py:3239} INFO - Sync 1 DAGs
[2024-11-11T21:24:45.193+0000] {logging_mixin.py:190} INFO - [2024-11-11T21:24:45.193+0000] {dag.py:4180} INFO - Setting next_dagrun for fetch_and_store_amazon_books to 2024-06-20 00:00:00+00:00, run_after=2024-06-21 00:00:00+00:00
[2024-11-11T21:24:45.227+0000] {processor.py:208} INFO - Processing /opt/airflow/dags/dag.py took 0.659 seconds
[2024-11-11T21:25:15.550+0000] {processor.py:186} INFO - Started process (PID=3742) to work on /opt/airflow/dags/dag.py
[2024-11-11T21:25:15.554+0000] {processor.py:914} INFO - Processing file /opt/airflow/dags/dag.py for tasks to queue
[2024-11-11T21:25:15.558+0000] {logging_mixin.py:190} INFO - [2024-11-11T21:25:15.557+0000] {dagbag.py:588} INFO - Filling up the DagBag from /opt/airflow/dags/dag.py
[2024-11-11T21:25:15.824+0000] {processor.py:925} INFO - DAG(s) 'fetch_and_store_amazon_books' retrieved from /opt/airflow/dags/dag.py
[2024-11-11T21:25:15.852+0000] {logging_mixin.py:190} INFO - [2024-11-11T21:25:15.852+0000] {dag.py:3239} INFO - Sync 1 DAGs
[2024-11-11T21:25:15.884+0000] {logging_mixin.py:190} INFO - [2024-11-11T21:25:15.884+0000] {dag.py:4180} INFO - Setting next_dagrun for fetch_and_store_amazon_books to 2024-06-20 00:00:00+00:00, run_after=2024-06-21 00:00:00+00:00
[2024-11-11T21:25:15.914+0000] {processor.py:208} INFO - Processing /opt/airflow/dags/dag.py took 0.381 seconds
[2024-11-11T21:25:46.137+0000] {processor.py:186} INFO - Started process (PID=3807) to work on /opt/airflow/dags/dag.py
[2024-11-11T21:25:46.139+0000] {processor.py:914} INFO - Processing file /opt/airflow/dags/dag.py for tasks to queue
[2024-11-11T21:25:46.142+0000] {logging_mixin.py:190} INFO - [2024-11-11T21:25:46.141+0000] {dagbag.py:588} INFO - Filling up the DagBag from /opt/airflow/dags/dag.py
[2024-11-11T21:25:46.368+0000] {processor.py:925} INFO - DAG(s) 'fetch_and_store_amazon_books' retrieved from /opt/airflow/dags/dag.py
[2024-11-11T21:25:46.397+0000] {logging_mixin.py:190} INFO - [2024-11-11T21:25:46.396+0000] {dag.py:3239} INFO - Sync 1 DAGs
[2024-11-11T21:25:46.444+0000] {logging_mixin.py:190} INFO - [2024-11-11T21:25:46.444+0000] {dag.py:4180} INFO - Setting next_dagrun for fetch_and_store_amazon_books to 2024-06-20 00:00:00+00:00, run_after=2024-06-21 00:00:00+00:00
[2024-11-11T21:25:46.474+0000] {processor.py:208} INFO - Processing /opt/airflow/dags/dag.py took 0.355 seconds
[2024-11-11T21:26:16.811+0000] {processor.py:186} INFO - Started process (PID=3870) to work on /opt/airflow/dags/dag.py
[2024-11-11T21:26:16.813+0000] {processor.py:914} INFO - Processing file /opt/airflow/dags/dag.py for tasks to queue
[2024-11-11T21:26:16.816+0000] {logging_mixin.py:190} INFO - [2024-11-11T21:26:16.816+0000] {dagbag.py:588} INFO - Filling up the DagBag from /opt/airflow/dags/dag.py
[2024-11-11T21:26:17.128+0000] {processor.py:925} INFO - DAG(s) 'fetch_and_store_amazon_books' retrieved from /opt/airflow/dags/dag.py
[2024-11-11T21:26:17.168+0000] {logging_mixin.py:190} INFO - [2024-11-11T21:26:17.167+0000] {dag.py:3239} INFO - Sync 1 DAGs
[2024-11-11T21:26:17.216+0000] {logging_mixin.py:190} INFO - [2024-11-11T21:26:17.216+0000] {dag.py:4180} INFO - Setting next_dagrun for fetch_and_store_amazon_books to 2024-06-20 00:00:00+00:00, run_after=2024-06-21 00:00:00+00:00
[2024-11-11T21:26:17.252+0000] {processor.py:208} INFO - Processing /opt/airflow/dags/dag.py took 0.453 seconds
[2024-11-11T21:26:47.468+0000] {processor.py:186} INFO - Started process (PID=3934) to work on /opt/airflow/dags/dag.py
[2024-11-11T21:26:47.470+0000] {processor.py:914} INFO - Processing file /opt/airflow/dags/dag.py for tasks to queue
[2024-11-11T21:26:47.475+0000] {logging_mixin.py:190} INFO - [2024-11-11T21:26:47.473+0000] {dagbag.py:588} INFO - Filling up the DagBag from /opt/airflow/dags/dag.py
[2024-11-11T21:26:48.198+0000] {processor.py:925} INFO - DAG(s) 'fetch_and_store_amazon_books' retrieved from /opt/airflow/dags/dag.py
[2024-11-11T21:26:48.280+0000] {logging_mixin.py:190} INFO - [2024-11-11T21:26:48.278+0000] {dag.py:3239} INFO - Sync 1 DAGs
[2024-11-11T21:26:48.347+0000] {logging_mixin.py:190} INFO - [2024-11-11T21:26:48.346+0000] {dag.py:4180} INFO - Setting next_dagrun for fetch_and_store_amazon_books to 2024-06-20 00:00:00+00:00, run_after=2024-06-21 00:00:00+00:00
[2024-11-11T21:26:48.451+0000] {processor.py:208} INFO - Processing /opt/airflow/dags/dag.py took 0.999 seconds
[2024-11-11T21:27:19.556+0000] {processor.py:186} INFO - Started process (PID=4000) to work on /opt/airflow/dags/dag.py
[2024-11-11T21:27:19.558+0000] {processor.py:914} INFO - Processing file /opt/airflow/dags/dag.py for tasks to queue
[2024-11-11T21:27:19.560+0000] {logging_mixin.py:190} INFO - [2024-11-11T21:27:19.560+0000] {dagbag.py:588} INFO - Filling up the DagBag from /opt/airflow/dags/dag.py
[2024-11-11T21:27:19.790+0000] {processor.py:925} INFO - DAG(s) 'fetch_and_store_amazon_books' retrieved from /opt/airflow/dags/dag.py
[2024-11-11T21:27:19.818+0000] {logging_mixin.py:190} INFO - [2024-11-11T21:27:19.817+0000] {dag.py:3239} INFO - Sync 1 DAGs
[2024-11-11T21:27:19.848+0000] {logging_mixin.py:190} INFO - [2024-11-11T21:27:19.847+0000] {dag.py:4180} INFO - Setting next_dagrun for fetch_and_store_amazon_books to 2024-06-20 00:00:00+00:00, run_after=2024-06-21 00:00:00+00:00
[2024-11-11T21:27:19.873+0000] {processor.py:208} INFO - Processing /opt/airflow/dags/dag.py took 0.335 seconds
[2024-11-11T21:27:50.018+0000] {processor.py:186} INFO - Started process (PID=4064) to work on /opt/airflow/dags/dag.py
[2024-11-11T21:27:50.020+0000] {processor.py:914} INFO - Processing file /opt/airflow/dags/dag.py for tasks to queue
[2024-11-11T21:27:50.025+0000] {logging_mixin.py:190} INFO - [2024-11-11T21:27:50.024+0000] {dagbag.py:588} INFO - Filling up the DagBag from /opt/airflow/dags/dag.py
[2024-11-11T21:27:50.323+0000] {processor.py:925} INFO - DAG(s) 'fetch_and_store_amazon_books' retrieved from /opt/airflow/dags/dag.py
[2024-11-11T21:27:50.362+0000] {logging_mixin.py:190} INFO - [2024-11-11T21:27:50.361+0000] {dag.py:3239} INFO - Sync 1 DAGs
[2024-11-11T21:27:50.439+0000] {logging_mixin.py:190} INFO - [2024-11-11T21:27:50.439+0000] {dag.py:4180} INFO - Setting next_dagrun for fetch_and_store_amazon_books to 2024-06-20 00:00:00+00:00, run_after=2024-06-21 00:00:00+00:00
[2024-11-11T21:27:50.514+0000] {processor.py:208} INFO - Processing /opt/airflow/dags/dag.py took 0.507 seconds
[2024-11-11T21:28:24.668+0000] {processor.py:186} INFO - Started process (PID=4120) to work on /opt/airflow/dags/dag.py
[2024-11-11T21:28:24.672+0000] {processor.py:914} INFO - Processing file /opt/airflow/dags/dag.py for tasks to queue
[2024-11-11T21:28:24.675+0000] {logging_mixin.py:190} INFO - [2024-11-11T21:28:24.675+0000] {dagbag.py:588} INFO - Filling up the DagBag from /opt/airflow/dags/dag.py
[2024-11-11T21:28:25.217+0000] {processor.py:925} INFO - DAG(s) 'fetch_and_store_amazon_books' retrieved from /opt/airflow/dags/dag.py
[2024-11-11T21:28:25.380+0000] {logging_mixin.py:190} INFO - [2024-11-11T21:28:25.379+0000] {dag.py:3239} INFO - Sync 1 DAGs
[2024-11-11T21:28:25.559+0000] {logging_mixin.py:190} INFO - [2024-11-11T21:28:25.558+0000] {dag.py:4180} INFO - Setting next_dagrun for fetch_and_store_amazon_books to 2024-06-20 00:00:00+00:00, run_after=2024-06-21 00:00:00+00:00
[2024-11-11T21:28:25.685+0000] {processor.py:208} INFO - Processing /opt/airflow/dags/dag.py took 1.022 seconds
[2024-11-11T21:28:57.780+0000] {processor.py:186} INFO - Started process (PID=4182) to work on /opt/airflow/dags/dag.py
[2024-11-11T21:28:57.782+0000] {processor.py:914} INFO - Processing file /opt/airflow/dags/dag.py for tasks to queue
[2024-11-11T21:28:57.797+0000] {logging_mixin.py:190} INFO - [2024-11-11T21:28:57.796+0000] {dagbag.py:588} INFO - Filling up the DagBag from /opt/airflow/dags/dag.py
[2024-11-11T21:28:58.751+0000] {processor.py:925} INFO - DAG(s) 'fetch_and_store_amazon_books' retrieved from /opt/airflow/dags/dag.py
[2024-11-11T21:28:58.885+0000] {logging_mixin.py:190} INFO - [2024-11-11T21:28:58.884+0000] {dag.py:3239} INFO - Sync 1 DAGs
[2024-11-11T21:28:59.064+0000] {logging_mixin.py:190} INFO - [2024-11-11T21:28:59.064+0000] {dag.py:4180} INFO - Setting next_dagrun for fetch_and_store_amazon_books to 2024-06-20 00:00:00+00:00, run_after=2024-06-21 00:00:00+00:00
[2024-11-11T21:28:59.302+0000] {processor.py:208} INFO - Processing /opt/airflow/dags/dag.py took 1.560 seconds
[2024-11-11T21:29:29.928+0000] {processor.py:186} INFO - Started process (PID=4247) to work on /opt/airflow/dags/dag.py
[2024-11-11T21:29:29.931+0000] {processor.py:914} INFO - Processing file /opt/airflow/dags/dag.py for tasks to queue
[2024-11-11T21:29:29.934+0000] {logging_mixin.py:190} INFO - [2024-11-11T21:29:29.933+0000] {dagbag.py:588} INFO - Filling up the DagBag from /opt/airflow/dags/dag.py
[2024-11-11T21:29:30.341+0000] {processor.py:925} INFO - DAG(s) 'fetch_and_store_amazon_books' retrieved from /opt/airflow/dags/dag.py
[2024-11-11T21:29:30.374+0000] {logging_mixin.py:190} INFO - [2024-11-11T21:29:30.373+0000] {dag.py:3239} INFO - Sync 1 DAGs
[2024-11-11T21:29:30.410+0000] {logging_mixin.py:190} INFO - [2024-11-11T21:29:30.410+0000] {dag.py:4180} INFO - Setting next_dagrun for fetch_and_store_amazon_books to 2024-06-20 00:00:00+00:00, run_after=2024-06-21 00:00:00+00:00
[2024-11-11T21:29:30.436+0000] {processor.py:208} INFO - Processing /opt/airflow/dags/dag.py took 0.527 seconds
[2024-11-11T21:30:00.727+0000] {processor.py:186} INFO - Started process (PID=4312) to work on /opt/airflow/dags/dag.py
[2024-11-11T21:30:00.730+0000] {processor.py:914} INFO - Processing file /opt/airflow/dags/dag.py for tasks to queue
[2024-11-11T21:30:00.733+0000] {logging_mixin.py:190} INFO - [2024-11-11T21:30:00.732+0000] {dagbag.py:588} INFO - Filling up the DagBag from /opt/airflow/dags/dag.py
[2024-11-11T21:30:01.014+0000] {processor.py:925} INFO - DAG(s) 'fetch_and_store_amazon_books' retrieved from /opt/airflow/dags/dag.py
[2024-11-11T21:30:01.068+0000] {logging_mixin.py:190} INFO - [2024-11-11T21:30:01.066+0000] {dag.py:3239} INFO - Sync 1 DAGs
[2024-11-11T21:30:01.141+0000] {logging_mixin.py:190} INFO - [2024-11-11T21:30:01.141+0000] {dag.py:4180} INFO - Setting next_dagrun for fetch_and_store_amazon_books to 2024-06-20 00:00:00+00:00, run_after=2024-06-21 00:00:00+00:00
[2024-11-11T21:30:01.194+0000] {processor.py:208} INFO - Processing /opt/airflow/dags/dag.py took 0.481 seconds
[2024-11-11T21:30:31.305+0000] {processor.py:186} INFO - Started process (PID=4377) to work on /opt/airflow/dags/dag.py
[2024-11-11T21:30:31.308+0000] {processor.py:914} INFO - Processing file /opt/airflow/dags/dag.py for tasks to queue
[2024-11-11T21:30:31.311+0000] {logging_mixin.py:190} INFO - [2024-11-11T21:30:31.310+0000] {dagbag.py:588} INFO - Filling up the DagBag from /opt/airflow/dags/dag.py
[2024-11-11T21:30:31.600+0000] {processor.py:925} INFO - DAG(s) 'fetch_and_store_amazon_books' retrieved from /opt/airflow/dags/dag.py
[2024-11-11T21:30:31.648+0000] {logging_mixin.py:190} INFO - [2024-11-11T21:30:31.647+0000] {dag.py:3239} INFO - Sync 1 DAGs
[2024-11-11T21:30:31.711+0000] {logging_mixin.py:190} INFO - [2024-11-11T21:30:31.710+0000] {dag.py:4180} INFO - Setting next_dagrun for fetch_and_store_amazon_books to 2024-06-20 00:00:00+00:00, run_after=2024-06-21 00:00:00+00:00
[2024-11-11T21:30:31.763+0000] {processor.py:208} INFO - Processing /opt/airflow/dags/dag.py took 0.470 seconds
[2024-11-11T21:31:02.091+0000] {processor.py:186} INFO - Started process (PID=4439) to work on /opt/airflow/dags/dag.py
[2024-11-11T21:31:02.094+0000] {processor.py:914} INFO - Processing file /opt/airflow/dags/dag.py for tasks to queue
[2024-11-11T21:31:02.097+0000] {logging_mixin.py:190} INFO - [2024-11-11T21:31:02.096+0000] {dagbag.py:588} INFO - Filling up the DagBag from /opt/airflow/dags/dag.py
[2024-11-11T21:31:02.373+0000] {processor.py:925} INFO - DAG(s) 'fetch_and_store_amazon_books' retrieved from /opt/airflow/dags/dag.py
[2024-11-11T21:31:02.407+0000] {logging_mixin.py:190} INFO - [2024-11-11T21:31:02.407+0000] {dag.py:3239} INFO - Sync 1 DAGs
[2024-11-11T21:31:02.443+0000] {logging_mixin.py:190} INFO - [2024-11-11T21:31:02.442+0000] {dag.py:4180} INFO - Setting next_dagrun for fetch_and_store_amazon_books to 2024-06-20 00:00:00+00:00, run_after=2024-06-21 00:00:00+00:00
[2024-11-11T21:31:02.471+0000] {processor.py:208} INFO - Processing /opt/airflow/dags/dag.py took 0.392 seconds
[2024-11-11T21:31:32.666+0000] {processor.py:186} INFO - Started process (PID=4505) to work on /opt/airflow/dags/dag.py
[2024-11-11T21:31:32.669+0000] {processor.py:914} INFO - Processing file /opt/airflow/dags/dag.py for tasks to queue
[2024-11-11T21:31:32.672+0000] {logging_mixin.py:190} INFO - [2024-11-11T21:31:32.671+0000] {dagbag.py:588} INFO - Filling up the DagBag from /opt/airflow/dags/dag.py
[2024-11-11T21:31:32.945+0000] {processor.py:925} INFO - DAG(s) 'fetch_and_store_amazon_books' retrieved from /opt/airflow/dags/dag.py
[2024-11-11T21:31:33.009+0000] {logging_mixin.py:190} INFO - [2024-11-11T21:31:33.007+0000] {dag.py:3239} INFO - Sync 1 DAGs
[2024-11-11T21:31:33.067+0000] {logging_mixin.py:190} INFO - [2024-11-11T21:31:33.067+0000] {dag.py:4180} INFO - Setting next_dagrun for fetch_and_store_amazon_books to 2024-06-20 00:00:00+00:00, run_after=2024-06-21 00:00:00+00:00
[2024-11-11T21:31:33.110+0000] {processor.py:208} INFO - Processing /opt/airflow/dags/dag.py took 0.455 seconds
[2024-11-11T21:32:03.239+0000] {processor.py:186} INFO - Started process (PID=4569) to work on /opt/airflow/dags/dag.py
[2024-11-11T21:32:03.242+0000] {processor.py:914} INFO - Processing file /opt/airflow/dags/dag.py for tasks to queue
[2024-11-11T21:32:03.247+0000] {logging_mixin.py:190} INFO - [2024-11-11T21:32:03.246+0000] {dagbag.py:588} INFO - Filling up the DagBag from /opt/airflow/dags/dag.py
[2024-11-11T21:32:03.677+0000] {processor.py:925} INFO - DAG(s) 'fetch_and_store_amazon_books' retrieved from /opt/airflow/dags/dag.py
[2024-11-11T21:32:03.725+0000] {logging_mixin.py:190} INFO - [2024-11-11T21:32:03.724+0000] {dag.py:3239} INFO - Sync 1 DAGs
[2024-11-11T21:32:03.776+0000] {logging_mixin.py:190} INFO - [2024-11-11T21:32:03.776+0000] {dag.py:4180} INFO - Setting next_dagrun for fetch_and_store_amazon_books to 2024-06-20 00:00:00+00:00, run_after=2024-06-21 00:00:00+00:00
[2024-11-11T21:32:03.811+0000] {processor.py:208} INFO - Processing /opt/airflow/dags/dag.py took 0.596 seconds
[2024-11-11T21:32:34.602+0000] {processor.py:186} INFO - Started process (PID=4633) to work on /opt/airflow/dags/dag.py
[2024-11-11T21:32:34.605+0000] {processor.py:914} INFO - Processing file /opt/airflow/dags/dag.py for tasks to queue
[2024-11-11T21:32:34.610+0000] {logging_mixin.py:190} INFO - [2024-11-11T21:32:34.609+0000] {dagbag.py:588} INFO - Filling up the DagBag from /opt/airflow/dags/dag.py
[2024-11-11T21:32:34.880+0000] {processor.py:925} INFO - DAG(s) 'fetch_and_store_amazon_books' retrieved from /opt/airflow/dags/dag.py
[2024-11-11T21:32:34.907+0000] {logging_mixin.py:190} INFO - [2024-11-11T21:32:34.907+0000] {dag.py:3239} INFO - Sync 1 DAGs
[2024-11-11T21:32:34.935+0000] {logging_mixin.py:190} INFO - [2024-11-11T21:32:34.935+0000] {dag.py:4180} INFO - Setting next_dagrun for fetch_and_store_amazon_books to 2024-06-20 00:00:00+00:00, run_after=2024-06-21 00:00:00+00:00
[2024-11-11T21:32:34.960+0000] {processor.py:208} INFO - Processing /opt/airflow/dags/dag.py took 0.371 seconds
[2024-11-11T21:33:05.051+0000] {processor.py:186} INFO - Started process (PID=4697) to work on /opt/airflow/dags/dag.py
[2024-11-11T21:33:05.053+0000] {processor.py:914} INFO - Processing file /opt/airflow/dags/dag.py for tasks to queue
[2024-11-11T21:33:05.055+0000] {logging_mixin.py:190} INFO - [2024-11-11T21:33:05.055+0000] {dagbag.py:588} INFO - Filling up the DagBag from /opt/airflow/dags/dag.py
[2024-11-11T21:33:05.344+0000] {processor.py:925} INFO - DAG(s) 'fetch_and_store_amazon_books' retrieved from /opt/airflow/dags/dag.py
[2024-11-11T21:33:05.380+0000] {logging_mixin.py:190} INFO - [2024-11-11T21:33:05.379+0000] {dag.py:3239} INFO - Sync 1 DAGs
[2024-11-11T21:33:05.416+0000] {logging_mixin.py:190} INFO - [2024-11-11T21:33:05.415+0000] {dag.py:4180} INFO - Setting next_dagrun for fetch_and_store_amazon_books to 2024-06-20 00:00:00+00:00, run_after=2024-06-21 00:00:00+00:00
[2024-11-11T21:33:05.445+0000] {processor.py:208} INFO - Processing /opt/airflow/dags/dag.py took 0.405 seconds
[2024-11-11T21:33:35.944+0000] {processor.py:186} INFO - Started process (PID=4761) to work on /opt/airflow/dags/dag.py
[2024-11-11T21:33:35.945+0000] {processor.py:914} INFO - Processing file /opt/airflow/dags/dag.py for tasks to queue
[2024-11-11T21:33:35.948+0000] {logging_mixin.py:190} INFO - [2024-11-11T21:33:35.947+0000] {dagbag.py:588} INFO - Filling up the DagBag from /opt/airflow/dags/dag.py
[2024-11-11T21:33:36.199+0000] {processor.py:925} INFO - DAG(s) 'fetch_and_store_amazon_books' retrieved from /opt/airflow/dags/dag.py
[2024-11-11T21:33:36.237+0000] {logging_mixin.py:190} INFO - [2024-11-11T21:33:36.236+0000] {dag.py:3239} INFO - Sync 1 DAGs
[2024-11-11T21:33:36.289+0000] {logging_mixin.py:190} INFO - [2024-11-11T21:33:36.287+0000] {dag.py:4180} INFO - Setting next_dagrun for fetch_and_store_amazon_books to 2024-06-20 00:00:00+00:00, run_after=2024-06-21 00:00:00+00:00
[2024-11-11T21:33:36.329+0000] {processor.py:208} INFO - Processing /opt/airflow/dags/dag.py took 0.396 seconds
[2024-11-11T21:34:06.674+0000] {processor.py:186} INFO - Started process (PID=4825) to work on /opt/airflow/dags/dag.py
[2024-11-11T21:34:06.676+0000] {processor.py:914} INFO - Processing file /opt/airflow/dags/dag.py for tasks to queue
[2024-11-11T21:34:06.681+0000] {logging_mixin.py:190} INFO - [2024-11-11T21:34:06.679+0000] {dagbag.py:588} INFO - Filling up the DagBag from /opt/airflow/dags/dag.py
[2024-11-11T21:34:06.876+0000] {processor.py:925} INFO - DAG(s) 'fetch_and_store_amazon_books' retrieved from /opt/airflow/dags/dag.py
[2024-11-11T21:34:06.907+0000] {logging_mixin.py:190} INFO - [2024-11-11T21:34:06.906+0000] {dag.py:3239} INFO - Sync 1 DAGs
[2024-11-11T21:34:06.942+0000] {logging_mixin.py:190} INFO - [2024-11-11T21:34:06.942+0000] {dag.py:4180} INFO - Setting next_dagrun for fetch_and_store_amazon_books to 2024-06-20 00:00:00+00:00, run_after=2024-06-21 00:00:00+00:00
[2024-11-11T21:34:06.973+0000] {processor.py:208} INFO - Processing /opt/airflow/dags/dag.py took 0.311 seconds
[2024-11-11T21:34:37.240+0000] {processor.py:186} INFO - Started process (PID=4889) to work on /opt/airflow/dags/dag.py
[2024-11-11T21:34:37.242+0000] {processor.py:914} INFO - Processing file /opt/airflow/dags/dag.py for tasks to queue
[2024-11-11T21:34:37.245+0000] {logging_mixin.py:190} INFO - [2024-11-11T21:34:37.244+0000] {dagbag.py:588} INFO - Filling up the DagBag from /opt/airflow/dags/dag.py
[2024-11-11T21:34:37.489+0000] {processor.py:925} INFO - DAG(s) 'fetch_and_store_amazon_books' retrieved from /opt/airflow/dags/dag.py
[2024-11-11T21:34:37.529+0000] {logging_mixin.py:190} INFO - [2024-11-11T21:34:37.529+0000] {dag.py:3239} INFO - Sync 1 DAGs
[2024-11-11T21:34:37.595+0000] {logging_mixin.py:190} INFO - [2024-11-11T21:34:37.594+0000] {dag.py:4180} INFO - Setting next_dagrun for fetch_and_store_amazon_books to 2024-06-20 00:00:00+00:00, run_after=2024-06-21 00:00:00+00:00
[2024-11-11T21:34:37.633+0000] {processor.py:208} INFO - Processing /opt/airflow/dags/dag.py took 0.409 seconds
[2024-11-11T21:35:07.865+0000] {processor.py:186} INFO - Started process (PID=4952) to work on /opt/airflow/dags/dag.py
[2024-11-11T21:35:07.866+0000] {processor.py:914} INFO - Processing file /opt/airflow/dags/dag.py for tasks to queue
[2024-11-11T21:35:07.870+0000] {logging_mixin.py:190} INFO - [2024-11-11T21:35:07.868+0000] {dagbag.py:588} INFO - Filling up the DagBag from /opt/airflow/dags/dag.py
[2024-11-11T21:35:08.063+0000] {processor.py:925} INFO - DAG(s) 'fetch_and_store_amazon_books' retrieved from /opt/airflow/dags/dag.py
[2024-11-11T21:35:08.121+0000] {logging_mixin.py:190} INFO - [2024-11-11T21:35:08.120+0000] {dag.py:3239} INFO - Sync 1 DAGs
[2024-11-11T21:35:08.174+0000] {logging_mixin.py:190} INFO - [2024-11-11T21:35:08.174+0000] {dag.py:4180} INFO - Setting next_dagrun for fetch_and_store_amazon_books to 2024-06-20 00:00:00+00:00, run_after=2024-06-21 00:00:00+00:00
[2024-11-11T21:35:08.211+0000] {processor.py:208} INFO - Processing /opt/airflow/dags/dag.py took 0.358 seconds
[2024-11-11T21:35:41.414+0000] {processor.py:186} INFO - Started process (PID=5022) to work on /opt/airflow/dags/dag.py
[2024-11-11T21:35:41.417+0000] {processor.py:914} INFO - Processing file /opt/airflow/dags/dag.py for tasks to queue
[2024-11-11T21:35:41.436+0000] {logging_mixin.py:190} INFO - [2024-11-11T21:35:41.435+0000] {dagbag.py:588} INFO - Filling up the DagBag from /opt/airflow/dags/dag.py
[2024-11-11T21:35:42.015+0000] {processor.py:925} INFO - DAG(s) 'fetch_and_store_amazon_books' retrieved from /opt/airflow/dags/dag.py
[2024-11-11T21:35:42.126+0000] {logging_mixin.py:190} INFO - [2024-11-11T21:35:42.124+0000] {dag.py:3239} INFO - Sync 1 DAGs
[2024-11-11T21:35:42.219+0000] {logging_mixin.py:190} INFO - [2024-11-11T21:35:42.218+0000] {dag.py:4180} INFO - Setting next_dagrun for fetch_and_store_amazon_books to 2024-06-20 00:00:00+00:00, run_after=2024-06-21 00:00:00+00:00
[2024-11-11T21:35:42.292+0000] {processor.py:208} INFO - Processing /opt/airflow/dags/dag.py took 0.894 seconds
[2024-11-11T21:36:12.797+0000] {processor.py:186} INFO - Started process (PID=5086) to work on /opt/airflow/dags/dag.py
[2024-11-11T21:36:12.799+0000] {processor.py:914} INFO - Processing file /opt/airflow/dags/dag.py for tasks to queue
[2024-11-11T21:36:12.803+0000] {logging_mixin.py:190} INFO - [2024-11-11T21:36:12.802+0000] {dagbag.py:588} INFO - Filling up the DagBag from /opt/airflow/dags/dag.py
[2024-11-11T21:36:13.225+0000] {processor.py:925} INFO - DAG(s) 'fetch_and_store_amazon_books' retrieved from /opt/airflow/dags/dag.py
[2024-11-11T21:36:13.264+0000] {logging_mixin.py:190} INFO - [2024-11-11T21:36:13.263+0000] {dag.py:3239} INFO - Sync 1 DAGs
[2024-11-11T21:36:13.308+0000] {logging_mixin.py:190} INFO - [2024-11-11T21:36:13.308+0000] {dag.py:4180} INFO - Setting next_dagrun for fetch_and_store_amazon_books to 2024-06-20 00:00:00+00:00, run_after=2024-06-21 00:00:00+00:00
[2024-11-11T21:36:13.337+0000] {processor.py:208} INFO - Processing /opt/airflow/dags/dag.py took 0.562 seconds
[2024-11-11T21:36:43.971+0000] {processor.py:186} INFO - Started process (PID=5149) to work on /opt/airflow/dags/dag.py
[2024-11-11T21:36:43.974+0000] {processor.py:914} INFO - Processing file /opt/airflow/dags/dag.py for tasks to queue
[2024-11-11T21:36:43.979+0000] {logging_mixin.py:190} INFO - [2024-11-11T21:36:43.978+0000] {dagbag.py:588} INFO - Filling up the DagBag from /opt/airflow/dags/dag.py
[2024-11-11T21:36:44.245+0000] {processor.py:925} INFO - DAG(s) 'fetch_and_store_amazon_books' retrieved from /opt/airflow/dags/dag.py
[2024-11-11T21:36:44.284+0000] {logging_mixin.py:190} INFO - [2024-11-11T21:36:44.283+0000] {dag.py:3239} INFO - Sync 1 DAGs
[2024-11-11T21:36:44.325+0000] {logging_mixin.py:190} INFO - [2024-11-11T21:36:44.325+0000] {dag.py:4180} INFO - Setting next_dagrun for fetch_and_store_amazon_books to 2024-06-20 00:00:00+00:00, run_after=2024-06-21 00:00:00+00:00
[2024-11-11T21:36:44.360+0000] {processor.py:208} INFO - Processing /opt/airflow/dags/dag.py took 0.406 seconds
[2024-11-11T21:37:14.742+0000] {processor.py:186} INFO - Started process (PID=5213) to work on /opt/airflow/dags/dag.py
[2024-11-11T21:37:14.743+0000] {processor.py:914} INFO - Processing file /opt/airflow/dags/dag.py for tasks to queue
[2024-11-11T21:37:14.745+0000] {logging_mixin.py:190} INFO - [2024-11-11T21:37:14.745+0000] {dagbag.py:588} INFO - Filling up the DagBag from /opt/airflow/dags/dag.py
[2024-11-11T21:37:15.041+0000] {processor.py:925} INFO - DAG(s) 'fetch_and_store_amazon_books' retrieved from /opt/airflow/dags/dag.py
[2024-11-11T21:37:15.096+0000] {logging_mixin.py:190} INFO - [2024-11-11T21:37:15.095+0000] {dag.py:3239} INFO - Sync 1 DAGs
[2024-11-11T21:37:15.208+0000] {logging_mixin.py:190} INFO - [2024-11-11T21:37:15.207+0000] {dag.py:4180} INFO - Setting next_dagrun for fetch_and_store_amazon_books to 2024-06-20 00:00:00+00:00, run_after=2024-06-21 00:00:00+00:00
[2024-11-11T21:37:15.252+0000] {processor.py:208} INFO - Processing /opt/airflow/dags/dag.py took 0.522 seconds
[2024-11-11T21:37:45.386+0000] {processor.py:186} INFO - Started process (PID=5277) to work on /opt/airflow/dags/dag.py
[2024-11-11T21:37:45.388+0000] {processor.py:914} INFO - Processing file /opt/airflow/dags/dag.py for tasks to queue
[2024-11-11T21:37:45.391+0000] {logging_mixin.py:190} INFO - [2024-11-11T21:37:45.390+0000] {dagbag.py:588} INFO - Filling up the DagBag from /opt/airflow/dags/dag.py
[2024-11-11T21:37:45.801+0000] {processor.py:925} INFO - DAG(s) 'fetch_and_store_amazon_books' retrieved from /opt/airflow/dags/dag.py
[2024-11-11T21:37:45.923+0000] {logging_mixin.py:190} INFO - [2024-11-11T21:37:45.913+0000] {dag.py:3239} INFO - Sync 1 DAGs
[2024-11-11T21:37:46.040+0000] {logging_mixin.py:190} INFO - [2024-11-11T21:37:46.040+0000] {dag.py:4180} INFO - Setting next_dagrun for fetch_and_store_amazon_books to 2024-06-20 00:00:00+00:00, run_after=2024-06-21 00:00:00+00:00
[2024-11-11T21:37:46.109+0000] {processor.py:208} INFO - Processing /opt/airflow/dags/dag.py took 0.740 seconds
