[2024-11-11T22:00:10.998+0000] {local_task_job_runner.py:123} INFO - ::group::Pre task execution logs
[2024-11-11T22:00:11.389+0000] {taskinstance.py:2613} INFO - Dependencies all met for dep_context=non-requeueable deps ti=<TaskInstance: fetch_and_store_amazon_books.fetch_book_data scheduled__2024-06-24T00:00:00+00:00 [queued]>
[2024-11-11T22:00:11.588+0000] {taskinstance.py:2613} INFO - Dependencies all met for dep_context=requeueable deps ti=<TaskInstance: fetch_and_store_amazon_books.fetch_book_data scheduled__2024-06-24T00:00:00+00:00 [queued]>
[2024-11-11T22:00:11.603+0000] {taskinstance.py:2866} INFO - Starting attempt 1 of 2
[2024-11-11T22:00:12.070+0000] {taskinstance.py:2889} INFO - Executing <Task(PythonOperator): fetch_book_data> on 2024-06-24 00:00:00+00:00
[2024-11-11T22:00:12.588+0000] {warnings.py:112} WARNING - /home/***/.local/lib/python3.12/site-packages/***/task/task_runner/standard_task_runner.py:70: DeprecationWarning: This process (pid=756) is multi-threaded, use of fork() may lead to deadlocks in the child.
  pid = os.fork()

[2024-11-11T22:00:12.662+0000] {standard_task_runner.py:72} INFO - Started process 882 to run task
[2024-11-11T22:00:12.695+0000] {standard_task_runner.py:104} INFO - Running: ['***', 'tasks', 'run', 'fetch_and_store_amazon_books', 'fetch_book_data', 'scheduled__2024-06-24T00:00:00+00:00', '--job-id', '19', '--raw', '--subdir', 'DAGS_FOLDER/app.py', '--cfg-path', '/tmp/tmpqznc3h11']
[2024-11-11T22:00:12.770+0000] {standard_task_runner.py:105} INFO - Job 19: Subtask fetch_book_data
[2024-11-11T22:00:14.032+0000] {task_command.py:467} INFO - Running <TaskInstance: fetch_and_store_amazon_books.fetch_book_data scheduled__2024-06-24T00:00:00+00:00 [running]> on host bbd7645b21a9
[2024-11-11T22:00:15.955+0000] {taskinstance.py:3132} INFO - Exporting env vars: AIRFLOW_CTX_DAG_OWNER='***' AIRFLOW_CTX_DAG_ID='fetch_and_store_amazon_books' AIRFLOW_CTX_TASK_ID='fetch_book_data' AIRFLOW_CTX_EXECUTION_DATE='2024-06-24T00:00:00+00:00' AIRFLOW_CTX_TRY_NUMBER='1' AIRFLOW_CTX_DAG_RUN_ID='scheduled__2024-06-24T00:00:00+00:00'
[2024-11-11T22:00:16.156+0000] {logging_mixin.py:190} INFO - Task instance is in running state
[2024-11-11T22:00:16.192+0000] {logging_mixin.py:190} INFO -  Previous state of the Task instance: queued
[2024-11-11T22:00:16.207+0000] {logging_mixin.py:190} INFO - Current task name:fetch_book_data state:running start_date:2024-11-11 22:00:11.430859+00:00
[2024-11-11T22:00:16.217+0000] {logging_mixin.py:190} INFO - Dag name:fetch_and_store_amazon_books and current dag run status:running
[2024-11-11T22:00:16.226+0000] {taskinstance.py:731} INFO - ::endgroup::
[2024-11-11T22:00:28.421+0000] {python.py:240} INFO - Done. Returned value was: None
[2024-11-11T22:00:28.558+0000] {taskinstance.py:340} INFO - ::group::Post task execution logs
[2024-11-11T22:00:28.602+0000] {taskinstance.py:352} INFO - Marking task as SUCCESS. dag_id=fetch_and_store_amazon_books, task_id=fetch_book_data, run_id=scheduled__2024-06-24T00:00:00+00:00, execution_date=20240624T000000, start_date=20241111T220011, end_date=20241111T220028
[2024-11-11T22:00:28.813+0000] {logging_mixin.py:190} INFO - Task instance in success state
[2024-11-11T22:00:28.825+0000] {logging_mixin.py:190} INFO -  Previous state of the Task instance: running
[2024-11-11T22:00:28.829+0000] {logging_mixin.py:190} INFO - Dag name:fetch_and_store_amazon_books queued_at:2024-11-11 21:51:43.287105+00:00
[2024-11-11T22:00:28.831+0000] {logging_mixin.py:190} INFO - Task hostname:bbd7645b21a9 operator:PythonOperator
[2024-11-11T22:00:29.105+0000] {local_task_job_runner.py:266} INFO - Task exited with return code 0
[2024-11-11T22:00:29.187+0000] {local_task_job_runner.py:245} INFO - ::endgroup::
