[2024-11-11T22:00:22.281+0000] {local_task_job_runner.py:123} INFO - ::group::Pre task execution logs
[2024-11-11T22:00:23.496+0000] {taskinstance.py:2613} INFO - Dependencies all met for dep_context=non-requeueable deps ti=<TaskInstance: fetch_and_store_amazon_books.fetch_book_data scheduled__2024-06-27T00:00:00+00:00 [queued]>
[2024-11-11T22:00:23.609+0000] {taskinstance.py:2613} INFO - Dependencies all met for dep_context=requeueable deps ti=<TaskInstance: fetch_and_store_amazon_books.fetch_book_data scheduled__2024-06-27T00:00:00+00:00 [queued]>
[2024-11-11T22:00:23.771+0000] {taskinstance.py:2866} INFO - Starting attempt 1 of 2
[2024-11-11T22:00:24.711+0000] {taskinstance.py:2889} INFO - Executing <Task(PythonOperator): fetch_book_data> on 2024-06-27 00:00:00+00:00
[2024-11-11T22:00:25.007+0000] {warnings.py:112} WARNING - /home/***/.local/lib/python3.12/site-packages/***/task/task_runner/standard_task_runner.py:70: DeprecationWarning: This process (pid=758) is multi-threaded, use of fork() may lead to deadlocks in the child.
  pid = os.fork()

[2024-11-11T22:00:25.061+0000] {standard_task_runner.py:72} INFO - Started process 885 to run task
[2024-11-11T22:00:25.105+0000] {standard_task_runner.py:104} INFO - Running: ['***', 'tasks', 'run', 'fetch_and_store_amazon_books', 'fetch_book_data', 'scheduled__2024-06-27T00:00:00+00:00', '--job-id', '20', '--raw', '--subdir', 'DAGS_FOLDER/app.py', '--cfg-path', '/tmp/tmptt7y2r86']
[2024-11-11T22:00:25.125+0000] {standard_task_runner.py:105} INFO - Job 20: Subtask fetch_book_data
[2024-11-11T22:00:25.849+0000] {task_command.py:467} INFO - Running <TaskInstance: fetch_and_store_amazon_books.fetch_book_data scheduled__2024-06-27T00:00:00+00:00 [running]> on host bbd7645b21a9
[2024-11-11T22:00:27.363+0000] {taskinstance.py:3132} INFO - Exporting env vars: AIRFLOW_CTX_DAG_OWNER='***' AIRFLOW_CTX_DAG_ID='fetch_and_store_amazon_books' AIRFLOW_CTX_TASK_ID='fetch_book_data' AIRFLOW_CTX_EXECUTION_DATE='2024-06-27T00:00:00+00:00' AIRFLOW_CTX_TRY_NUMBER='1' AIRFLOW_CTX_DAG_RUN_ID='scheduled__2024-06-27T00:00:00+00:00'
[2024-11-11T22:00:27.381+0000] {logging_mixin.py:190} INFO - Task instance is in running state
[2024-11-11T22:00:27.422+0000] {logging_mixin.py:190} INFO -  Previous state of the Task instance: queued
[2024-11-11T22:00:27.424+0000] {logging_mixin.py:190} INFO - Current task name:fetch_book_data state:running start_date:2024-11-11 22:00:23.510807+00:00
[2024-11-11T22:00:27.438+0000] {logging_mixin.py:190} INFO - Dag name:fetch_and_store_amazon_books and current dag run status:running
[2024-11-11T22:00:27.439+0000] {taskinstance.py:731} INFO - ::endgroup::
[2024-11-11T22:00:30.372+0000] {job.py:229} INFO - Heartbeat recovered after 11.29 seconds
[2024-11-11T22:00:34.662+0000] {python.py:240} INFO - Done. Returned value was: None
[2024-11-11T22:00:34.754+0000] {taskinstance.py:340} INFO - ::group::Post task execution logs
[2024-11-11T22:00:34.795+0000] {taskinstance.py:352} INFO - Marking task as SUCCESS. dag_id=fetch_and_store_amazon_books, task_id=fetch_book_data, run_id=scheduled__2024-06-27T00:00:00+00:00, execution_date=20240627T000000, start_date=20241111T220023, end_date=20241111T220034
[2024-11-11T22:00:35.341+0000] {logging_mixin.py:190} INFO - Task instance in success state
[2024-11-11T22:00:35.387+0000] {logging_mixin.py:190} INFO -  Previous state of the Task instance: running
[2024-11-11T22:00:35.396+0000] {logging_mixin.py:190} INFO - Dag name:fetch_and_store_amazon_books queued_at:2024-11-11 21:51:45.032368+00:00
[2024-11-11T22:00:35.409+0000] {logging_mixin.py:190} INFO - Task hostname:bbd7645b21a9 operator:PythonOperator
[2024-11-11T22:00:35.589+0000] {local_task_job_runner.py:266} INFO - Task exited with return code 0
[2024-11-11T22:00:36.114+0000] {taskinstance.py:3895} INFO - 1 downstream tasks scheduled from follow-on schedule check
[2024-11-11T22:00:36.204+0000] {local_task_job_runner.py:245} INFO - ::endgroup::
