[2024-11-11T22:20:15.741+0000] {local_task_job_runner.py:123} INFO - ::group::Pre task execution logs
[2024-11-11T22:20:15.885+0000] {taskinstance.py:2613} INFO - Dependencies all met for dep_context=non-requeueable deps ti=<TaskInstance: fetch_and_store_amazon_books.create_table scheduled__2024-07-17T00:00:00+00:00 [queued]>
[2024-11-11T22:20:15.965+0000] {taskinstance.py:2613} INFO - Dependencies all met for dep_context=requeueable deps ti=<TaskInstance: fetch_and_store_amazon_books.create_table scheduled__2024-07-17T00:00:00+00:00 [queued]>
[2024-11-11T22:20:15.986+0000] {taskinstance.py:2866} INFO - Starting attempt 1 of 2
[2024-11-11T22:20:16.096+0000] {taskinstance.py:2889} INFO - Executing <Task(PostgresOperator): create_table> on 2024-07-17 00:00:00+00:00
[2024-11-11T22:20:17.348+0000] {warnings.py:112} WARNING - /home/***/.local/lib/python3.12/site-packages/***/task/task_runner/standard_task_runner.py:70: DeprecationWarning: This process (pid=1227) is multi-threaded, use of fork() may lead to deadlocks in the child.
  pid = os.fork()

[2024-11-11T22:20:17.384+0000] {standard_task_runner.py:72} INFO - Started process 1284 to run task
[2024-11-11T22:20:17.504+0000] {standard_task_runner.py:104} INFO - Running: ['***', 'tasks', 'run', 'fetch_and_store_amazon_books', 'create_table', 'scheduled__2024-07-17T00:00:00+00:00', '--job-id', '74', '--raw', '--subdir', 'DAGS_FOLDER/app.py', '--cfg-path', '/tmp/tmpjk_acway']
[2024-11-11T22:20:17.519+0000] {standard_task_runner.py:105} INFO - Job 74: Subtask create_table
[2024-11-11T22:20:17.972+0000] {task_command.py:467} INFO - Running <TaskInstance: fetch_and_store_amazon_books.create_table scheduled__2024-07-17T00:00:00+00:00 [running]> on host bbd7645b21a9
[2024-11-11T22:20:19.639+0000] {taskinstance.py:3132} INFO - Exporting env vars: AIRFLOW_CTX_DAG_OWNER='***' AIRFLOW_CTX_DAG_ID='fetch_and_store_amazon_books' AIRFLOW_CTX_TASK_ID='create_table' AIRFLOW_CTX_EXECUTION_DATE='2024-07-17T00:00:00+00:00' AIRFLOW_CTX_TRY_NUMBER='1' AIRFLOW_CTX_DAG_RUN_ID='scheduled__2024-07-17T00:00:00+00:00'
[2024-11-11T22:20:19.668+0000] {logging_mixin.py:190} INFO - Task instance is in running state
[2024-11-11T22:20:19.704+0000] {logging_mixin.py:190} INFO -  Previous state of the Task instance: queued
[2024-11-11T22:20:19.713+0000] {logging_mixin.py:190} INFO - Current task name:create_table state:running start_date:2024-11-11 22:20:15.907426+00:00
[2024-11-11T22:20:19.777+0000] {logging_mixin.py:190} INFO - Dag name:fetch_and_store_amazon_books and current dag run status:running
[2024-11-11T22:20:19.816+0000] {taskinstance.py:731} INFO - ::endgroup::
[2024-11-11T22:20:19.847+0000] {sql.py:278} INFO - Executing: 
    CREATE TABLE IF NOT EXISTS books (
        id SERIAL PRIMARY KEY,
        title TEXT NOT NULL,
        authors TEXT,
        price TEXT,
        rating TEXT
    );
    
[2024-11-11T22:20:19.976+0000] {base.py:84} INFO - Retrieving connection 'books_connection'
[2024-11-11T22:20:20.146+0000] {base.py:84} INFO - Retrieving connection 'books_connection'
[2024-11-11T22:20:20.181+0000] {sql.py:544} INFO - Running statement: 
    CREATE TABLE IF NOT EXISTS books (
        id SERIAL PRIMARY KEY,
        title TEXT NOT NULL,
        authors TEXT,
        price TEXT,
        rating TEXT
    );
    , parameters: None
[2024-11-11T22:20:20.509+0000] {taskinstance.py:340} INFO - ::group::Post task execution logs
[2024-11-11T22:20:20.572+0000] {taskinstance.py:352} INFO - Marking task as SUCCESS. dag_id=fetch_and_store_amazon_books, task_id=create_table, run_id=scheduled__2024-07-17T00:00:00+00:00, execution_date=20240717T000000, start_date=20241111T222015, end_date=20241111T222020
[2024-11-11T22:20:20.760+0000] {logging_mixin.py:190} INFO - Task instance in success state
[2024-11-11T22:20:20.776+0000] {logging_mixin.py:190} INFO -  Previous state of the Task instance: running
[2024-11-11T22:20:20.792+0000] {logging_mixin.py:190} INFO - Dag name:fetch_and_store_amazon_books queued_at:2024-11-11 22:08:03.739529+00:00
[2024-11-11T22:20:20.799+0000] {logging_mixin.py:190} INFO - Task hostname:bbd7645b21a9 operator:PostgresOperator
[2024-11-11T22:20:21.001+0000] {local_task_job_runner.py:266} INFO - Task exited with return code 0
[2024-11-11T22:20:21.230+0000] {taskinstance.py:3895} INFO - 1 downstream tasks scheduled from follow-on schedule check
[2024-11-11T22:20:21.290+0000] {local_task_job_runner.py:245} INFO - ::endgroup::
