[2024-11-11T22:04:45.742+0000] {local_task_job_runner.py:123} INFO - ::group::Pre task execution logs
[2024-11-11T22:04:46.072+0000] {taskinstance.py:2613} INFO - Dependencies all met for dep_context=non-requeueable deps ti=<TaskInstance: fetch_and_store_amazon_books.insert_book_data manual__2024-11-11T21:51:31.889241+00:00 [queued]>
[2024-11-11T22:04:46.140+0000] {taskinstance.py:2613} INFO - Dependencies all met for dep_context=requeueable deps ti=<TaskInstance: fetch_and_store_amazon_books.insert_book_data manual__2024-11-11T21:51:31.889241+00:00 [queued]>
[2024-11-11T22:04:46.171+0000] {taskinstance.py:2866} INFO - Starting attempt 1 of 2
[2024-11-11T22:04:46.667+0000] {taskinstance.py:2889} INFO - Executing <Task(PythonOperator): insert_book_data> on 2024-11-11 21:51:31.889241+00:00
[2024-11-11T22:04:47.129+0000] {standard_task_runner.py:104} INFO - Running: ['***', 'tasks', 'run', 'fetch_and_store_amazon_books', 'insert_book_data', 'manual__2024-11-11T21:51:31.889241+00:00', '--job-id', '37', '--raw', '--subdir', 'DAGS_FOLDER/app.py', '--cfg-path', '/tmp/tmp2ro174jz']
[2024-11-11T22:04:47.169+0000] {standard_task_runner.py:105} INFO - Job 37: Subtask insert_book_data
[2024-11-11T22:04:47.159+0000] {warnings.py:112} WARNING - /home/***/.local/lib/python3.12/site-packages/***/task/task_runner/standard_task_runner.py:70: DeprecationWarning: This process (pid=964) is multi-threaded, use of fork() may lead to deadlocks in the child.
  pid = os.fork()

[2024-11-11T22:04:47.189+0000] {standard_task_runner.py:72} INFO - Started process 1006 to run task
[2024-11-11T22:04:47.712+0000] {task_command.py:467} INFO - Running <TaskInstance: fetch_and_store_amazon_books.insert_book_data manual__2024-11-11T21:51:31.889241+00:00 [running]> on host bbd7645b21a9
[2024-11-11T22:04:50.486+0000] {taskinstance.py:3132} INFO - Exporting env vars: AIRFLOW_CTX_DAG_OWNER='***' AIRFLOW_CTX_DAG_ID='fetch_and_store_amazon_books' AIRFLOW_CTX_TASK_ID='insert_book_data' AIRFLOW_CTX_EXECUTION_DATE='2024-11-11T21:51:31.889241+00:00' AIRFLOW_CTX_TRY_NUMBER='1' AIRFLOW_CTX_DAG_RUN_ID='manual__2024-11-11T21:51:31.889241+00:00'
[2024-11-11T22:04:50.583+0000] {logging_mixin.py:190} INFO - Task instance is in running state
[2024-11-11T22:04:50.588+0000] {logging_mixin.py:190} INFO -  Previous state of the Task instance: queued
[2024-11-11T22:04:50.637+0000] {logging_mixin.py:190} INFO - Current task name:insert_book_data state:running start_date:2024-11-11 22:04:46.076377+00:00
[2024-11-11T22:04:50.649+0000] {logging_mixin.py:190} INFO - Dag name:fetch_and_store_amazon_books and current dag run status:running
[2024-11-11T22:04:50.651+0000] {taskinstance.py:731} INFO - ::endgroup::
[2024-11-11T22:04:50.927+0000] {base.py:84} INFO - Retrieving connection 'books_connection'
[2024-11-11T22:04:50.984+0000] {sql.py:544} INFO - Running statement: 
    INSERT INTO books (title, authors, price, rating)
    VALUES (%s, %s, %s, %s)
    , parameters: ('Data Engineering with AWS - Second Edition: Acquire the skills to design and build AWS-based data transformation pipelines like a pro', 'Gareth Eagar', '41.', '4.3 out of 5 stars')
[2024-11-11T22:04:51.000+0000] {sql.py:553} INFO - Rows affected: 1
[2024-11-11T22:04:51.029+0000] {sql.py:544} INFO - Running statement: 
    INSERT INTO books (title, authors, price, rating)
    VALUES (%s, %s, %s, %s)
    , parameters: ('Next Generation Data Management: Using Your Data Assets to Drive Mission Success', 'Dr Mark Brady', '38.', '4.4 out of 5 stars')
[2024-11-11T22:04:51.037+0000] {sql.py:553} INFO - Rows affected: 1
[2024-11-11T22:04:51.071+0000] {sql.py:544} INFO - Running statement: 
    INSERT INTO books (title, authors, price, rating)
    VALUES (%s, %s, %s, %s)
    , parameters: ('Data Engineering 101', 'Paperback', '22.', '3.9 out of 5 stars')
[2024-11-11T22:04:51.074+0000] {sql.py:553} INFO - Rows affected: 1
[2024-11-11T22:04:51.126+0000] {sql.py:544} INFO - Running statement: 
    INSERT INTO books (title, authors, price, rating)
    VALUES (%s, %s, %s, %s)
    , parameters: ('Azure Data Engineer Associate Certification Guide: Ace the DP-203 exam with advanced data engineering skills', 'Giacinto Palmieri', '37.', '4.3 out of 5 stars')
[2024-11-11T22:04:51.151+0000] {sql.py:553} INFO - Rows affected: 1
[2024-11-11T22:04:51.220+0000] {sql.py:544} INFO - Running statement: 
    INSERT INTO books (title, authors, price, rating)
    VALUES (%s, %s, %s, %s)
    , parameters: ('Fundamentals of Data Engineering: Plan and Build Robust Data Systems', 'Joe Reis', '42.', '4.7 out of 5 stars')
[2024-11-11T22:04:51.249+0000] {sql.py:553} INFO - Rows affected: 1
[2024-11-11T22:04:51.319+0000] {sql.py:544} INFO - Running statement: 
    INSERT INTO books (title, authors, price, rating)
    VALUES (%s, %s, %s, %s)
    , parameters: ('Data Engineering Best Practices: Architect robust and cost-effective data solutions in the cloud era', 'Richard J. Schiller', '49.', '5.0 out of 5 stars')
[2024-11-11T22:04:51.337+0000] {sql.py:553} INFO - Rows affected: 1
[2024-11-11T22:04:51.412+0000] {sql.py:544} INFO - Running statement: 
    INSERT INTO books (title, authors, price, rating)
    VALUES (%s, %s, %s, %s)
    , parameters: ('Data Engineering with dbt: A practical guide to building a cloud-based, pragmatic, and dependable data platform with SQL', 'Roberto Zagni', '37.', '4.6 out of 5 stars')
[2024-11-11T22:04:51.431+0000] {sql.py:553} INFO - Rows affected: 1
[2024-11-11T22:04:51.526+0000] {sql.py:544} INFO - Running statement: 
    INSERT INTO books (title, authors, price, rating)
    VALUES (%s, %s, %s, %s)
    , parameters: ('Data Modeling with Snowflake: A practical guide to accelerating Snowflake development using universal data modeling techniques', 'Serge Gershkovich', '36.', '4.8 out of 5 stars')
[2024-11-11T22:04:51.551+0000] {sql.py:553} INFO - Rows affected: 1
[2024-11-11T22:04:51.787+0000] {sql.py:544} INFO - Running statement: 
    INSERT INTO books (title, authors, price, rating)
    VALUES (%s, %s, %s, %s)
    , parameters: ('Fundamentals of Data Analytics: Learn Essential Skills, Embrace the Future, and Catapult Your Career in the Data-Driven World—A Comprehensive Guide to Data Literacy for Beginners', 'Russell Dawson', '17.', '4.7 out of 5 stars')
[2024-11-11T22:04:51.806+0000] {sql.py:553} INFO - Rows affected: 1
[2024-11-11T22:04:51.892+0000] {sql.py:544} INFO - Running statement: 
    INSERT INTO books (title, authors, price, rating)
    VALUES (%s, %s, %s, %s)
    , parameters: ('Designing Data-Intensive Applications: The Big Ideas Behind Reliable, Scalable, and Maintainable Systems', 'Martin Kleppmann', '46.', '4.7 out of 5 stars')
[2024-11-11T22:04:51.977+0000] {sql.py:553} INFO - Rows affected: 1
[2024-11-11T22:04:52.467+0000] {sql.py:544} INFO - Running statement: 
    INSERT INTO books (title, authors, price, rating)
    VALUES (%s, %s, %s, %s)
    , parameters: ('Data Engineering with Python: Work with massive datasets to design data models and automate data pipelines using Python', 'Paul Crickard', '37.', '4.1 out of 5 stars')
[2024-11-11T22:04:52.592+0000] {sql.py:553} INFO - Rows affected: 1
[2024-11-11T22:04:52.755+0000] {sql.py:544} INFO - Running statement: 
    INSERT INTO books (title, authors, price, rating)
    VALUES (%s, %s, %s, %s)
    , parameters: ('Data Pipelines Pocket Reference: Moving and Processing Data for Analytics', 'James Densmore', '17.', '4.5 out of 5 stars')
[2024-11-11T22:04:52.779+0000] {sql.py:553} INFO - Rows affected: 1
[2024-11-11T22:04:53.019+0000] {sql.py:544} INFO - Running statement: 
    INSERT INTO books (title, authors, price, rating)
    VALUES (%s, %s, %s, %s)
    , parameters: ('Data Engineering with Databricks Cookbook: Build effective data and AI solutions using Apache Spark, Databricks, and Delta Lake', 'Pulkit Chadha', '37.', '4.4 out of 5 stars')
[2024-11-11T22:04:53.056+0000] {sql.py:553} INFO - Rows affected: 1
[2024-11-11T22:04:53.108+0000] {sql.py:544} INFO - Running statement: 
    INSERT INTO books (title, authors, price, rating)
    VALUES (%s, %s, %s, %s)
    , parameters: ('Cracking the Data Engineering Interview: Land your dream job with the help of resume-building tips, over 100 mock questions, and a unique portfolio', 'Kedeisha Bryan', '26.', '4.4 out of 5 stars')
[2024-11-11T22:04:53.122+0000] {sql.py:553} INFO - Rows affected: 1
[2024-11-11T22:04:53.150+0000] {sql.py:544} INFO - Running statement: 
    INSERT INTO books (title, authors, price, rating)
    VALUES (%s, %s, %s, %s)
    , parameters: ('Ace the Data Engineering Interview: Questions and Answers for Python, SQL, Data Modeling and More', 'Sean Coyne', '24.', '3.8 out of 5 stars')
[2024-11-11T22:04:53.163+0000] {sql.py:553} INFO - Rows affected: 1
[2024-11-11T22:04:53.194+0000] {sql.py:544} INFO - Running statement: 
    INSERT INTO books (title, authors, price, rating)
    VALUES (%s, %s, %s, %s)
    , parameters: ("Azure Data Factory Cookbook: A data engineer's guide to building and managing ETL and ELT pipelines with data integration", 'Dmitry Foshin', '51.', '4.1 out of 5 stars')
[2024-11-11T22:04:53.208+0000] {sql.py:553} INFO - Rows affected: 1
[2024-11-11T22:04:53.278+0000] {sql.py:544} INFO - Running statement: 
    INSERT INTO books (title, authors, price, rating)
    VALUES (%s, %s, %s, %s)
    , parameters: ('Software Engineering for Data Scientists: From Notebooks to Scalable Systems', 'Catherine Nelson', '45.', '4.2 out of 5 stars')
[2024-11-11T22:04:53.283+0000] {sql.py:553} INFO - Rows affected: 1
[2024-11-11T22:04:53.327+0000] {sql.py:544} INFO - Running statement: 
    INSERT INTO books (title, authors, price, rating)
    VALUES (%s, %s, %s, %s)
    , parameters: ('Data Engineering with Apache Spark, Delta Lake, and Lakehouse: Create scalable pipelines that ingest, curate, and aggregate complex data in a timely and secure way', 'Manoj Kukreja', '46.', '3.9 out of 5 stars')
[2024-11-11T22:04:53.331+0000] {sql.py:553} INFO - Rows affected: 1
[2024-11-11T22:04:53.368+0000] {sql.py:544} INFO - Running statement: 
    INSERT INTO books (title, authors, price, rating)
    VALUES (%s, %s, %s, %s)
    , parameters: ('Data Engineering with AWS: Learn how to design and build cloud-based data transformation pipelines using AWS', 'Gareth Eagar', '49.', '4.4 out of 5 stars')
[2024-11-11T22:04:53.383+0000] {sql.py:553} INFO - Rows affected: 1
[2024-11-11T22:04:53.438+0000] {sql.py:544} INFO - Running statement: 
    INSERT INTO books (title, authors, price, rating)
    VALUES (%s, %s, %s, %s)
    , parameters: ('Essentials of Data Engineering', 'Dr. Mukesh Saini', '19.', '5.0 out of 5 stars')
[2024-11-11T22:04:53.441+0000] {sql.py:553} INFO - Rows affected: 1
[2024-11-11T22:04:53.481+0000] {sql.py:544} INFO - Running statement: 
    INSERT INTO books (title, authors, price, rating)
    VALUES (%s, %s, %s, %s)
    , parameters: ('Data Analysis with Python and PySpark', 'Jonathan Rioux', '55.', '4.4 out of 5 stars')
[2024-11-11T22:04:53.505+0000] {sql.py:553} INFO - Rows affected: 1
[2024-11-11T22:04:53.575+0000] {sql.py:544} INFO - Running statement: 
    INSERT INTO books (title, authors, price, rating)
    VALUES (%s, %s, %s, %s)
    , parameters: ('Data Engineering with AWS: Building Scalable Data Pipelines in the Cloud', 'May Sherry', '14.', '4.2 out of 5 stars')
[2024-11-11T22:04:53.582+0000] {sql.py:553} INFO - Rows affected: 1
[2024-11-11T22:04:53.642+0000] {sql.py:544} INFO - Running statement: 
    INSERT INTO books (title, authors, price, rating)
    VALUES (%s, %s, %s, %s)
    , parameters: ('Microsoft Azure Data Engineering: A Microsoft Azure Cloud Data Engineering, Data Integration and Data Warehousing reference guide (The Data Engineering Series)', 'Kindle Edition', '0.', '4.2 out of 5 stars')
[2024-11-11T22:04:53.649+0000] {sql.py:553} INFO - Rows affected: 1
[2024-11-11T22:04:53.753+0000] {sql.py:544} INFO - Running statement: 
    INSERT INTO books (title, authors, price, rating)
    VALUES (%s, %s, %s, %s)
    , parameters: ("Data: Principles To Practice - Volume 1 'Foundations': Essential Foundations: Key Concepts behind Data Architecture, Engineering and Analysis for Professionals", 'Mr Alex Holloway', '14.', '4.6 out of 5 stars')
[2024-11-11T22:04:53.779+0000] {sql.py:553} INFO - Rows affected: 1
[2024-11-11T22:04:53.860+0000] {sql.py:544} INFO - Running statement: 
    INSERT INTO books (title, authors, price, rating)
    VALUES (%s, %s, %s, %s)
    , parameters: ('Data Engineering with Python cookbook: Learn to build efficient data pipelines using the Modern Cloud Data Stack', 'Adithyan Ramanujakootam', '32.', '5.0 out of 5 stars')
[2024-11-11T22:04:53.872+0000] {sql.py:553} INFO - Rows affected: 1
[2024-11-11T22:04:53.934+0000] {sql.py:544} INFO - Running statement: 
    INSERT INTO books (title, authors, price, rating)
    VALUES (%s, %s, %s, %s)
    , parameters: ('Data-Driven Science and Engineering: Machine Learning, Dynamical Systems, and Control', 'Steven L. Brunton', '61.', '4.7 out of 5 stars')
[2024-11-11T22:04:53.941+0000] {sql.py:553} INFO - Rows affected: 1
[2024-11-11T22:04:54.051+0000] {sql.py:544} INFO - Running statement: 
    INSERT INTO books (title, authors, price, rating)
    VALUES (%s, %s, %s, %s)
    , parameters: ('Data Engineering with Google Cloud Platform: A guide to leveling up as a data engineer by building a scalable data platform with Google Cloud', 'Adi Wijaya', '40.', '4.8 out of 5 stars')
[2024-11-11T22:04:54.063+0000] {sql.py:553} INFO - Rows affected: 1
[2024-11-11T22:04:54.128+0000] {sql.py:544} INFO - Running statement: 
    INSERT INTO books (title, authors, price, rating)
    VALUES (%s, %s, %s, %s)
    , parameters: ('Data Engineering with Google Cloud Platform: A practical guide to operationalizing scalable data analytics systems on GCP', 'Adi Wijaya', '39.', '4.7 out of 5 stars')
[2024-11-11T22:04:54.139+0000] {sql.py:553} INFO - Rows affected: 1
[2024-11-11T22:04:54.187+0000] {sql.py:544} INFO - Running statement: 
    INSERT INTO books (title, authors, price, rating)
    VALUES (%s, %s, %s, %s)
    , parameters: ("Ultimate Data Engineering with Databricks: Develop Scalable Data Pipelines Using Data Engineering's Core Tenets Such as Delta Tables, Ingestion, ... Security, and Scalability (English Edition)", 'Mayank Malhotra', '37.', '4.1 out of 5 stars')
[2024-11-11T22:04:54.206+0000] {sql.py:553} INFO - Rows affected: 1
[2024-11-11T22:04:54.235+0000] {sql.py:544} INFO - Running statement: 
    INSERT INTO books (title, authors, price, rating)
    VALUES (%s, %s, %s, %s)
    , parameters: ('Machine Learning Engineering', 'Andriy Burkov', '39.', '4.7 out of 5 stars')
[2024-11-11T22:04:54.249+0000] {sql.py:553} INFO - Rows affected: 1
[2024-11-11T22:04:54.282+0000] {sql.py:544} INFO - Running statement: 
    INSERT INTO books (title, authors, price, rating)
    VALUES (%s, %s, %s, %s)
    , parameters: ('DATA ENGINEERING AND AI FOR BEGINNERS: Revolutionizing Data Processing and Analytics by Leveraging Artificial Intelligence for Efficient Input Collection, Storage, and Transformation (World of AI)', 'Kindle', '0.', '4.3 out of 5 stars')
[2024-11-11T22:04:54.289+0000] {sql.py:553} INFO - Rows affected: 1
[2024-11-11T22:04:54.332+0000] {sql.py:544} INFO - Running statement: 
    INSERT INTO books (title, authors, price, rating)
    VALUES (%s, %s, %s, %s)
    , parameters: ('The Data Engineering Handbook: We are Data Engineers, we make things happen, we pull rabbits out of hats, and transform raw, noisy data into gold.', 'Paperback', '9.', '5.0 out of 5 stars')
[2024-11-11T22:04:54.343+0000] {sql.py:553} INFO - Rows affected: 1
[2024-11-11T22:04:54.452+0000] {sql.py:544} INFO - Running statement: 
    INSERT INTO books (title, authors, price, rating)
    VALUES (%s, %s, %s, %s)
    , parameters: ('97 Things Every Data Engineer Should Know: Collective Wisdom from the Experts', 'Audible Audiobook', '0.', '4.2 out of 5 stars')
[2024-11-11T22:04:54.473+0000] {sql.py:553} INFO - Rows affected: 1
[2024-11-11T22:04:54.529+0000] {sql.py:544} INFO - Running statement: 
    INSERT INTO books (title, authors, price, rating)
    VALUES (%s, %s, %s, %s)
    , parameters: ('Prompt Engineering for Generative AI: Future-Proof Inputs for Reliable AI Outputs', 'James Phoenix', '53.', '4.5 out of 5 stars')
[2024-11-11T22:04:54.572+0000] {sql.py:553} INFO - Rows affected: 1
[2024-11-11T22:04:54.767+0000] {sql.py:544} INFO - Running statement: 
    INSERT INTO books (title, authors, price, rating)
    VALUES (%s, %s, %s, %s)
    , parameters: ('Fundamentals of Data Visualization: A Primer on Making Informative and Compelling Figures', 'Claus O. Wilke', '49.', '4.6 out of 5 stars')
[2024-11-11T22:04:54.792+0000] {sql.py:553} INFO - Rows affected: 1
[2024-11-11T22:04:55.246+0000] {sql.py:544} INFO - Running statement: 
    INSERT INTO books (title, authors, price, rating)
    VALUES (%s, %s, %s, %s)
    , parameters: ('Analytics Engineering with SQL and dbt: Building Meaningful Data Models at Scale', 'Rui Pedro Machado', '41.', '3.9 out of 5 stars')
[2024-11-11T22:04:55.296+0000] {sql.py:553} INFO - Rows affected: 1
[2024-11-11T22:04:55.597+0000] {sql.py:544} INFO - Running statement: 
    INSERT INTO books (title, authors, price, rating)
    VALUES (%s, %s, %s, %s)
    , parameters: ('Data Science on AWS: Implementing End-to-End, Continuous AI and Machine Learning Pipelines', 'Chris Fregly', '27.', '4.4 out of 5 stars')
[2024-11-11T22:04:55.656+0000] {sql.py:553} INFO - Rows affected: 1
[2024-11-11T22:04:55.802+0000] {sql.py:544} INFO - Running statement: 
    INSERT INTO books (title, authors, price, rating)
    VALUES (%s, %s, %s, %s)
    , parameters: ('GOOGLE CLOUD PROFESSIONAL DATA ENGINEER CERTIFICATION | MASTER THE EXAM: 10 PRACTICE TESTS, 500 RIGOROUS QUESTIONS, GAIN WEALTH OF INSIGHTS, EXPERT EXPLANATIONS AND ONE ULTIMATE GOAL', 'Mr Anand M', '29.', '5.0 out of 5 stars')
[2024-11-11T22:04:55.820+0000] {sql.py:553} INFO - Rows affected: 1
[2024-11-11T22:04:56.181+0000] {sql.py:544} INFO - Running statement: 
    INSERT INTO books (title, authors, price, rating)
    VALUES (%s, %s, %s, %s)
    , parameters: ('Data Engineering with Scala and Spark: A practical guide helping you build streaming and batch pipelines that process massive amounts of data using Scala', 'Eric Tome', '36.', '4.1 out of 5 stars')
[2024-11-11T22:04:56.283+0000] {sql.py:553} INFO - Rows affected: 1
[2024-11-11T22:04:56.441+0000] {sql.py:544} INFO - Running statement: 
    INSERT INTO books (title, authors, price, rating)
    VALUES (%s, %s, %s, %s)
    , parameters: ('Data Mesh: Delivering Data-Driven Value at Scale', 'Audible Audiobook', '0.', '4.5 out of 5 stars')
[2024-11-11T22:04:56.445+0000] {sql.py:553} INFO - Rows affected: 1
[2024-11-11T22:04:56.479+0000] {sql.py:544} INFO - Running statement: 
    INSERT INTO books (title, authors, price, rating)
    VALUES (%s, %s, %s, %s)
    , parameters: ('Data Engineering with Databricks', 'Kindle', '0.', '3.4 out of 5 stars')
[2024-11-11T22:04:56.492+0000] {sql.py:553} INFO - Rows affected: 1
[2024-11-11T22:04:56.552+0000] {sql.py:544} INFO - Running statement: 
    INSERT INTO books (title, authors, price, rating)
    VALUES (%s, %s, %s, %s)
    , parameters: ('Official Google Cloud Certified Professional Data Engineer Study Guide', 'Dan Sullivan', '33.', '4.5 out of 5 stars')
[2024-11-11T22:04:56.566+0000] {sql.py:553} INFO - Rows affected: 1
[2024-11-11T22:04:56.626+0000] {sql.py:544} INFO - Running statement: 
    INSERT INTO books (title, authors, price, rating)
    VALUES (%s, %s, %s, %s)
    , parameters: ('Python Data Engineering Resources: Forge Your Path to Success in Data Engineering, Machine Learning and AI', 'Vajo Lukic', '0.', '4.9 out of 5 stars')
[2024-11-11T22:04:56.671+0000] {sql.py:553} INFO - Rows affected: 1
[2024-11-11T22:04:56.718+0000] {sql.py:544} INFO - Running statement: 
    INSERT INTO books (title, authors, price, rating)
    VALUES (%s, %s, %s, %s)
    , parameters: ('Data Privacy: A runbook for engineers', 'Nishant Bhajaria', '35.', '4.8 out of 5 stars')
[2024-11-11T22:04:56.804+0000] {sql.py:553} INFO - Rows affected: 1
[2024-11-11T22:04:56.902+0000] {sql.py:544} INFO - Running statement: 
    INSERT INTO books (title, authors, price, rating)
    VALUES (%s, %s, %s, %s)
    , parameters: ('Data Engineering with Alteryx: Helping data engineers apply DataOps practices with Alteryx', 'Paul Houghton', '44.', '4.3 out of 5 stars')
[2024-11-11T22:04:56.912+0000] {sql.py:553} INFO - Rows affected: 1
[2024-11-11T22:04:57.055+0000] {sql.py:544} INFO - Running statement: 
    INSERT INTO books (title, authors, price, rating)
    VALUES (%s, %s, %s, %s)
    , parameters: ('Ultimate Azure Data Engineering: Build Robust Data Engineering Systems on Azure with SQL, ETL, Data Modeling, and Power BI for Business Insights and Crack Azure Certifications (English Edition)', 'Ashish Agarwal', '39.', '4.7 out of 5 stars')
[2024-11-11T22:04:57.093+0000] {sql.py:553} INFO - Rows affected: 1
[2024-11-11T22:04:57.222+0000] {sql.py:544} INFO - Running statement: 
    INSERT INTO books (title, authors, price, rating)
    VALUES (%s, %s, %s, %s)
    , parameters: ('Building ETL Pipelines with Python: Create and deploy enterprise-ready ETL pipelines by employing modern methods', 'Brij Kishore Pandey', '34.', '4.3 out of 5 stars')
[2024-11-11T22:04:57.226+0000] {sql.py:553} INFO - Rows affected: 1
[2024-11-11T22:04:57.398+0000] {sql.py:544} INFO - Running statement: 
    INSERT INTO books (title, authors, price, rating)
    VALUES (%s, %s, %s, %s)
    , parameters: ('Mastering AWS Data Engineering: A Step-by-Step Guide', 'Paperback', '12.', '5.0 out of 5 stars')
[2024-11-11T22:04:57.414+0000] {sql.py:553} INFO - Rows affected: 1
[2024-11-11T22:04:57.464+0000] {sql.py:544} INFO - Running statement: 
    INSERT INTO books (title, authors, price, rating)
    VALUES (%s, %s, %s, %s)
    , parameters: ('Fundamentals of Analytics Engineering: An introduction to building end-to-end analytics solutions', 'Dumky De Wilde', '27.', '3.9 out of 5 stars')
[2024-11-11T22:04:57.468+0000] {sql.py:553} INFO - Rows affected: 1
[2024-11-11T22:04:57.642+0000] {sql.py:544} INFO - Running statement: 
    INSERT INTO books (title, authors, price, rating)
    VALUES (%s, %s, %s, %s)
    , parameters: ('AWS Certified Data Analytics Study Guide: Specialty (DAS-C01) Exam', 'Asif Abbasi', '31.', '4.6 out of 5 stars')
[2024-11-11T22:04:57.696+0000] {sql.py:553} INFO - Rows affected: 1
[2024-11-11T22:04:57.730+0000] {python.py:240} INFO - Done. Returned value was: None
[2024-11-11T22:04:57.841+0000] {taskinstance.py:340} INFO - ::group::Post task execution logs
[2024-11-11T22:04:57.850+0000] {taskinstance.py:352} INFO - Marking task as SUCCESS. dag_id=fetch_and_store_amazon_books, task_id=insert_book_data, run_id=manual__2024-11-11T21:51:31.889241+00:00, execution_date=20241111T215131, start_date=20241111T220446, end_date=20241111T220457
[2024-11-11T22:04:57.946+0000] {logging_mixin.py:190} INFO - Task instance in success state
[2024-11-11T22:04:57.949+0000] {logging_mixin.py:190} INFO -  Previous state of the Task instance: running
[2024-11-11T22:04:57.960+0000] {logging_mixin.py:190} INFO - Dag name:fetch_and_store_amazon_books queued_at:2024-11-11 21:51:32.781945+00:00
[2024-11-11T22:04:57.962+0000] {logging_mixin.py:190} INFO - Task hostname:bbd7645b21a9 operator:PythonOperator
[2024-11-11T22:04:58.150+0000] {local_task_job_runner.py:266} INFO - Task exited with return code 0
[2024-11-11T22:04:58.304+0000] {local_task_job_runner.py:245} INFO - ::endgroup::
