[2024-11-11T22:06:34.592+0000] {local_task_job_runner.py:123} INFO - ::group::Pre task execution logs
[2024-11-11T22:06:34.797+0000] {taskinstance.py:2613} INFO - Dependencies all met for dep_context=non-requeueable deps ti=<TaskInstance: fetch_and_store_amazon_books.fetch_book_data scheduled__2024-06-28T00:00:00+00:00 [queued]>
[2024-11-11T22:06:34.954+0000] {taskinstance.py:2613} INFO - Dependencies all met for dep_context=requeueable deps ti=<TaskInstance: fetch_and_store_amazon_books.fetch_book_data scheduled__2024-06-28T00:00:00+00:00 [queued]>
[2024-11-11T22:06:34.966+0000] {taskinstance.py:2866} INFO - Starting attempt 2 of 2
[2024-11-11T22:06:36.113+0000] {taskinstance.py:2889} INFO - Executing <Task(PythonOperator): fetch_book_data> on 2024-06-28 00:00:00+00:00
[2024-11-11T22:06:36.261+0000] {warnings.py:112} WARNING - /home/***/.local/lib/python3.12/site-packages/***/task/task_runner/standard_task_runner.py:70: DeprecationWarning: This process (pid=1016) is multi-threaded, use of fork() may lead to deadlocks in the child.
  pid = os.fork()

[2024-11-11T22:06:36.361+0000] {standard_task_runner.py:72} INFO - Started process 1074 to run task
[2024-11-11T22:06:36.304+0000] {standard_task_runner.py:104} INFO - Running: ['***', 'tasks', 'run', 'fetch_and_store_amazon_books', 'fetch_book_data', 'scheduled__2024-06-28T00:00:00+00:00', '--job-id', '51', '--raw', '--subdir', 'DAGS_FOLDER/app.py', '--cfg-path', '/tmp/tmphgpmrjd7']
[2024-11-11T22:06:36.441+0000] {standard_task_runner.py:105} INFO - Job 51: Subtask fetch_book_data
[2024-11-11T22:06:44.399+0000] {job.py:229} INFO - Heartbeat recovered after 11.61 seconds
[2024-11-11T22:06:44.432+0000] {task_command.py:467} INFO - Running <TaskInstance: fetch_and_store_amazon_books.fetch_book_data scheduled__2024-06-28T00:00:00+00:00 [running]> on host bbd7645b21a9
[2024-11-11T22:06:48.070+0000] {taskinstance.py:3132} INFO - Exporting env vars: AIRFLOW_CTX_DAG_OWNER='***' AIRFLOW_CTX_DAG_ID='fetch_and_store_amazon_books' AIRFLOW_CTX_TASK_ID='fetch_book_data' AIRFLOW_CTX_EXECUTION_DATE='2024-06-28T00:00:00+00:00' AIRFLOW_CTX_TRY_NUMBER='2' AIRFLOW_CTX_DAG_RUN_ID='scheduled__2024-06-28T00:00:00+00:00'
[2024-11-11T22:06:48.419+0000] {logging_mixin.py:190} INFO - Task instance is in running state
[2024-11-11T22:06:48.515+0000] {logging_mixin.py:190} INFO -  Previous state of the Task instance: queued
[2024-11-11T22:06:48.542+0000] {logging_mixin.py:190} INFO - Current task name:fetch_book_data state:running start_date:2024-11-11 22:06:34.813577+00:00
[2024-11-11T22:06:48.563+0000] {logging_mixin.py:190} INFO - Dag name:fetch_and_store_amazon_books and current dag run status:running
[2024-11-11T22:06:48.628+0000] {taskinstance.py:731} INFO - ::endgroup::
[2024-11-11T22:07:06.460+0000] {python.py:240} INFO - Done. Returned value was: None
[2024-11-11T22:07:06.615+0000] {taskinstance.py:340} INFO - ::group::Post task execution logs
[2024-11-11T22:07:06.626+0000] {taskinstance.py:352} INFO - Marking task as SUCCESS. dag_id=fetch_and_store_amazon_books, task_id=fetch_book_data, run_id=scheduled__2024-06-28T00:00:00+00:00, execution_date=20240628T000000, start_date=20241111T220634, end_date=20241111T220706
[2024-11-11T22:07:07.068+0000] {logging_mixin.py:190} INFO - Task instance in success state
[2024-11-11T22:07:07.082+0000] {logging_mixin.py:190} INFO -  Previous state of the Task instance: running
[2024-11-11T22:07:07.113+0000] {logging_mixin.py:190} INFO - Dag name:fetch_and_store_amazon_books queued_at:2024-11-11 21:51:45.789853+00:00
[2024-11-11T22:07:07.130+0000] {logging_mixin.py:190} INFO - Task hostname:bbd7645b21a9 operator:PythonOperator
[2024-11-11T22:07:08.012+0000] {local_task_job_runner.py:266} INFO - Task exited with return code 0
[2024-11-11T22:07:09.984+0000] {taskinstance.py:3895} INFO - 1 downstream tasks scheduled from follow-on schedule check
[2024-11-11T22:07:10.080+0000] {local_task_job_runner.py:245} INFO - ::endgroup::
