[2024-11-11T22:04:57.658+0000] {local_task_job_runner.py:123} INFO - ::group::Pre task execution logs
[2024-11-11T22:04:57.880+0000] {taskinstance.py:2613} INFO - Dependencies all met for dep_context=non-requeueable deps ti=<TaskInstance: fetch_and_store_amazon_books.create_table scheduled__2024-06-25T00:00:00+00:00 [queued]>
[2024-11-11T22:04:57.991+0000] {taskinstance.py:2613} INFO - Dependencies all met for dep_context=requeueable deps ti=<TaskInstance: fetch_and_store_amazon_books.create_table scheduled__2024-06-25T00:00:00+00:00 [queued]>
[2024-11-11T22:04:58.009+0000] {taskinstance.py:2866} INFO - Starting attempt 1 of 2
[2024-11-11T22:04:58.151+0000] {taskinstance.py:2889} INFO - Executing <Task(PostgresOperator): create_table> on 2024-06-25 00:00:00+00:00
[2024-11-11T22:04:58.390+0000] {standard_task_runner.py:104} INFO - Running: ['***', 'tasks', 'run', 'fetch_and_store_amazon_books', 'create_table', 'scheduled__2024-06-25T00:00:00+00:00', '--job-id', '38', '--raw', '--subdir', 'DAGS_FOLDER/app.py', '--cfg-path', '/tmp/tmpssxg4kes']
[2024-11-11T22:04:58.418+0000] {standard_task_runner.py:105} INFO - Job 38: Subtask create_table
[2024-11-11T22:04:58.447+0000] {warnings.py:112} WARNING - /home/***/.local/lib/python3.12/site-packages/***/task/task_runner/standard_task_runner.py:70: DeprecationWarning: This process (pid=928) is multi-threaded, use of fork() may lead to deadlocks in the child.
  pid = os.fork()

[2024-11-11T22:04:58.509+0000] {standard_task_runner.py:72} INFO - Started process 1017 to run task
[2024-11-11T22:05:00.539+0000] {task_command.py:467} INFO - Running <TaskInstance: fetch_and_store_amazon_books.create_table scheduled__2024-06-25T00:00:00+00:00 [running]> on host bbd7645b21a9
[2024-11-11T22:05:03.002+0000] {taskinstance.py:3132} INFO - Exporting env vars: AIRFLOW_CTX_DAG_OWNER='***' AIRFLOW_CTX_DAG_ID='fetch_and_store_amazon_books' AIRFLOW_CTX_TASK_ID='create_table' AIRFLOW_CTX_EXECUTION_DATE='2024-06-25T00:00:00+00:00' AIRFLOW_CTX_TRY_NUMBER='1' AIRFLOW_CTX_DAG_RUN_ID='scheduled__2024-06-25T00:00:00+00:00'
[2024-11-11T22:05:03.054+0000] {logging_mixin.py:190} INFO - Task instance is in running state
[2024-11-11T22:05:03.071+0000] {logging_mixin.py:190} INFO -  Previous state of the Task instance: queued
[2024-11-11T22:05:03.237+0000] {logging_mixin.py:190} INFO - Current task name:create_table state:running start_date:2024-11-11 22:04:57.891446+00:00
[2024-11-11T22:05:03.261+0000] {logging_mixin.py:190} INFO - Dag name:fetch_and_store_amazon_books and current dag run status:running
[2024-11-11T22:05:03.346+0000] {taskinstance.py:731} INFO - ::endgroup::
[2024-11-11T22:05:03.408+0000] {sql.py:278} INFO - Executing: 
    CREATE TABLE IF NOT EXISTS books (
        id SERIAL PRIMARY KEY,
        title TEXT NOT NULL,
        authors TEXT,
        price TEXT,
        rating TEXT
    );
    
[2024-11-11T22:05:03.503+0000] {base.py:84} INFO - Retrieving connection 'books_connection'
[2024-11-11T22:05:03.735+0000] {base.py:84} INFO - Retrieving connection 'books_connection'
[2024-11-11T22:05:03.788+0000] {sql.py:544} INFO - Running statement: 
    CREATE TABLE IF NOT EXISTS books (
        id SERIAL PRIMARY KEY,
        title TEXT NOT NULL,
        authors TEXT,
        price TEXT,
        rating TEXT
    );
    , parameters: None
[2024-11-11T22:05:04.003+0000] {taskinstance.py:340} INFO - ::group::Post task execution logs
[2024-11-11T22:05:04.097+0000] {taskinstance.py:352} INFO - Marking task as SUCCESS. dag_id=fetch_and_store_amazon_books, task_id=create_table, run_id=scheduled__2024-06-25T00:00:00+00:00, execution_date=20240625T000000, start_date=20241111T220457, end_date=20241111T220504
[2024-11-11T22:05:04.369+0000] {logging_mixin.py:190} INFO - Task instance in success state
[2024-11-11T22:05:04.376+0000] {logging_mixin.py:190} INFO -  Previous state of the Task instance: running
[2024-11-11T22:05:04.454+0000] {logging_mixin.py:190} INFO - Dag name:fetch_and_store_amazon_books queued_at:2024-11-11 21:51:43.974921+00:00
[2024-11-11T22:05:04.484+0000] {logging_mixin.py:190} INFO - Task hostname:bbd7645b21a9 operator:PostgresOperator
[2024-11-11T22:05:04.803+0000] {local_task_job_runner.py:266} INFO - Task exited with return code 0
[2024-11-11T22:05:05.005+0000] {taskinstance.py:3895} INFO - 1 downstream tasks scheduled from follow-on schedule check
[2024-11-11T22:05:05.024+0000] {local_task_job_runner.py:245} INFO - ::endgroup::
